2026-05-13 13:51:51.097 INFO  [background-preinit] o.h.validator.internal.util.Version - HV000001: Hibernate Validator 9.0.1.Final
2026-05-13 13:51:51.183 INFO  [restartedMain] com.capstone.crit.CritApplication - Starting CritApplication using Java 17.0.18 with PID 69245 (/home/ec2-user/environment/crit-server/build/classes/java/main started by ec2-user in /home/ec2-user/environment/crit-server)
2026-05-13 13:51:51.184 INFO  [restartedMain] com.capstone.crit.CritApplication - The following 1 profile is active: "dev"
2026-05-13 13:51:51.288 INFO  [restartedMain] o.s.b.d.e.DevToolsPropertyDefaultsPostProcessor - Devtools property defaults active! Set 'spring.devtools.add-properties' to 'false' to disable
2026-05-13 13:51:51.289 INFO  [restartedMain] o.s.b.d.e.DevToolsPropertyDefaultsPostProcessor - For additional web related logging consider setting the 'logging.level.web' property to 'DEBUG'
2026-05-13 13:51:52.377 INFO  [restartedMain] o.s.d.r.c.RepositoryConfigurationDelegate - Bootstrapping Spring Data JPA repositories in DEFAULT mode.
2026-05-13 13:51:52.533 INFO  [restartedMain] o.s.d.r.c.RepositoryConfigurationDelegate - Finished Spring Data repository scanning in 143 ms. Found 6 JPA repository interfaces.
2026-05-13 13:51:53.095 INFO  [restartedMain] o.s.boot.tomcat.TomcatWebServer - Tomcat initialized with port 8080 (http)
2026-05-13 13:51:53.105 INFO  [restartedMain] o.a.coyote.http11.Http11NioProtocol - Initializing ProtocolHandler ["http-nio-8080"]
2026-05-13 13:51:53.107 INFO  [restartedMain] o.a.catalina.core.StandardService - Starting service [Tomcat]
2026-05-13 13:51:53.107 INFO  [restartedMain] o.a.catalina.core.StandardEngine - Starting Servlet engine: [Apache Tomcat/11.0.18]
2026-05-13 13:51:53.151 INFO  [restartedMain] o.s.b.w.c.s.WebApplicationContextInitializer - Root WebApplicationContext: initialization completed in 1859 ms
2026-05-13 13:51:53.319 INFO  [restartedMain] org.hibernate.orm.jpa - HHH008540: Processing PersistenceUnitInfo [name: default]
2026-05-13 13:51:53.398 INFO  [restartedMain] org.hibernate.orm.core - HHH000001: Hibernate ORM core version 7.2.4.Final
2026-05-13 13:51:53.824 INFO  [restartedMain] o.s.o.j.p.SpringPersistenceUnitInfo - No LoadTimeWeaver setup: ignoring JPA class transformer
2026-05-13 13:51:53.852 INFO  [restartedMain] com.zaxxer.hikari.HikariDataSource - HikariPool-1 - Starting...
2026-05-13 13:51:53.989 INFO  [restartedMain] com.zaxxer.hikari.pool.HikariPool - HikariPool-1 - Added connection com.mysql.cj.jdbc.ConnectionImpl@4fbaf45f
2026-05-13 13:51:53.991 INFO  [restartedMain] com.zaxxer.hikari.HikariDataSource - HikariPool-1 - Start completed.
2026-05-13 13:51:54.076 INFO  [restartedMain] o.hibernate.orm.connections.pooling - HHH10001005: Database info:
	Database JDBC URL [jdbc:mysql://pj-kmucd1-08-db.cj24wem202yj.us-east-1.rds.amazonaws.com:3306/crit?useSSL=false&serverTimezone=Asia/Seoul&allowPublicKeyRetrieval=true]
	Database driver: MySQL Connector/J
	Database dialect: MySQLDialect
	Database version: 8.4.8
	Default catalog/schema: crit/undefined
	Autocommit mode: undefined/unknown
	Isolation level: REPEATABLE_READ [default REPEATABLE_READ]
	JDBC fetch size: none
	Pool: DataSourceConnectionProvider
	Minimum pool size: undefined/unknown
	Maximum pool size: undefined/unknown
2026-05-13 13:51:55.008 INFO  [restartedMain] org.hibernate.orm.core - HHH000489: No JTA platform available (set 'hibernate.transaction.jta.platform' to enable JTA platform integration)
2026-05-13 13:51:55.116 INFO  [restartedMain] o.s.o.j.LocalContainerEntityManagerFactoryBean - Initialized JPA EntityManagerFactory for persistence unit 'default'
2026-05-13 13:51:55.209 INFO  [restartedMain] o.s.d.j.r.q.QueryEnhancerFactories - Hibernate is in classpath; If applicable, HQL parser will be used.
2026-05-13 13:51:57.136 INFO  [restartedMain] c.c.c.s.PercentileScoringService - 백분위 테이블 로드 완료: 112개 그룹, 수집일: 2026-05-08T02:42:56.028785+00:00
2026-05-13 13:51:57.261 INFO  [restartedMain] c.c.c.s.TrendingKeywordsService - 트렌드 키워드 로드 완료 (3448bytes)
2026-05-13 13:51:57.284 WARN  [restartedMain] o.s.aop.framework.CglibAopProxy - Public final method [public final void org.springframework.security.oauth2.client.oidc.userinfo.OidcUserService.setOauth2UserService(org.springframework.security.oauth2.client.userinfo.OAuth2UserService)] cannot get proxied via CGLIB, consider removing the final marker or using interface-based JDK proxies.
2026-05-13 13:51:57.284 WARN  [restartedMain] o.s.aop.framework.CglibAopProxy - Public final method [public final void org.springframework.security.oauth2.client.oidc.userinfo.OidcUserService.setClaimTypeConverterFactory(java.util.function.Function)] cannot get proxied via CGLIB, consider removing the final marker or using interface-based JDK proxies.
2026-05-13 13:51:57.284 WARN  [restartedMain] o.s.aop.framework.CglibAopProxy - Public final method [public final void org.springframework.security.oauth2.client.oidc.userinfo.OidcUserService.setRetrieveUserInfo(java.util.function.Predicate)] cannot get proxied via CGLIB, consider removing the final marker or using interface-based JDK proxies.
2026-05-13 13:51:57.549 WARN  [restartedMain] o.s.b.j.a.JpaBaseConfiguration$JpaWebConfiguration - spring.jpa.open-in-view is enabled by default. Therefore, database queries may be performed during view rendering. Explicitly configure spring.jpa.open-in-view to disable this warning
2026-05-13 13:51:57.604 DEBUG [restartedMain] o.s.s.c.a.a.c.AuthenticationConfiguration$DefaultPasswordEncoderAuthenticationManagerBuilder - No authenticationProviders and no parentAuthenticationManager defined. Returning null.
2026-05-13 13:51:57.762 DEBUG [restartedMain] o.s.s.web.DefaultSecurityFilterChain - Will secure any request with filters: DisableEncodeUrlFilter, WebAsyncManagerIntegrationFilter, SecurityContextHolderFilter, HeaderWriterFilter, CorsFilter, LogoutFilter, OAuth2AuthorizationRequestRedirectFilter, OAuth2LoginAuthenticationFilter, JwtAuthenticationFilter, DefaultResourcesFilter, DefaultLoginPageGeneratingFilter, DefaultLogoutPageGeneratingFilter, RequestCacheAwareFilter, SecurityContextHolderAwareRequestFilter, AnonymousAuthenticationFilter, SessionManagementFilter, ExceptionTranslationFilter, AuthorizationFilter
2026-05-13 13:51:58.204 INFO  [restartedMain] o.a.coyote.http11.Http11NioProtocol - Starting ProtocolHandler ["http-nio-8080"]
2026-05-13 13:51:58.216 INFO  [restartedMain] o.s.boot.tomcat.TomcatWebServer - Tomcat started on port 8080 (http) with context path '/'
2026-05-13 13:51:58.227 INFO  [restartedMain] com.capstone.crit.CritApplication - Started CritApplication in 7.608 seconds (process running for 8.456)
2026-05-13 13:51:58.347 INFO  [scheduling-1] c.c.c.s.PercentileScoringService - 백분위 테이블 로드 완료: 112개 그룹, 수집일: 2026-05-08T02:42:56.028785+00:00
2026-05-13 13:51:58.377 INFO  [scheduling-1] c.c.c.s.TrendingKeywordsService - 트렌드 키워드 로드 완료 (3448bytes)
2026-05-13 13:52:19.255 INFO  [http-nio-8080-exec-1] o.a.c.c.C.[Tomcat].[localhost].[/] - Initializing Spring DispatcherServlet 'dispatcherServlet'
2026-05-13 13:52:19.256 INFO  [http-nio-8080-exec-1] o.s.web.servlet.DispatcherServlet - Initializing Servlet 'dispatcherServlet'
2026-05-13 13:52:19.259 INFO  [http-nio-8080-exec-1] o.s.web.servlet.DispatcherServlet - Completed initialization in 3 ms
2026-05-13 13:52:19.269 DEBUG [http-nio-8080-exec-1] o.s.security.web.FilterChainProxy - Securing GET /login/oauth2/code/google
2026-05-13 13:52:19.281 DEBUG [http-nio-8080-exec-1] o.s.s.web.DefaultRedirectStrategy - Redirecting to /login?error
2026-05-13 13:52:19.481 DEBUG [http-nio-8080-exec-2] o.s.security.web.FilterChainProxy - Securing GET /login?error
2026-05-13 13:52:19.724 DEBUG [http-nio-8080-exec-3] o.s.security.web.FilterChainProxy - Securing GET /default-ui.css
2026-05-13 13:52:19.960 DEBUG [http-nio-8080-exec-4] o.s.security.web.FilterChainProxy - Securing GET /favicon.ico
2026-05-13 13:52:19.963 DEBUG [http-nio-8080-exec-4] o.s.s.w.a.AnonymousAuthenticationFilter - Set SecurityContextHolder to anonymous SecurityContext
2026-05-13 13:52:19.967 DEBUG [http-nio-8080-exec-4] o.s.s.w.a.DelegatingAuthenticationEntryPoint - Trying to match using And [Not [RequestHeaderRequestMatcher [expectedHeaderName=X-Requested-With, expectedHeaderValue=XMLHttpRequest]], Not [And [Or [PathPattern [/login], PathPattern [/favicon.ico]], And [Not [RequestHeaderRequestMatcher [expectedHeaderName=X-Requested-With, expectedHeaderValue=XMLHttpRequest]], MediaTypeRequestMatcher [contentNegotiationStrategy=org.springframework.web.accept.ContentNegotiationManager@7117e292, matchingMediaTypes=[application/xhtml+xml, image/*, text/html, text/plain], useEquals=false, ignoredMediaTypes=[*/*]]]]], org.springframework.security.config.annotation.web.configurers.oauth2.client.OAuth2LoginConfigurer$$Lambda$2538/0x00007ff2a0eb4aa0@6f71dd43]
2026-05-13 13:52:19.969 DEBUG [http-nio-8080-exec-4] o.s.s.w.a.DelegatingAuthenticationEntryPoint - No match found. Using default entry point org.springframework.security.web.authentication.LoginUrlAuthenticationEntryPoint@361de879
2026-05-13 13:52:19.970 DEBUG [http-nio-8080-exec-4] o.s.s.web.DefaultRedirectStrategy - Redirecting to /login
2026-05-13 13:52:20.168 DEBUG [http-nio-8080-exec-5] o.s.security.web.FilterChainProxy - Securing GET /login
2026-05-13 13:52:37.467 DEBUG [http-nio-8080-exec-6] o.s.security.web.FilterChainProxy - Securing GET /
2026-05-13 13:52:37.468 DEBUG [http-nio-8080-exec-6] o.s.s.w.a.AnonymousAuthenticationFilter - Set SecurityContextHolder to anonymous SecurityContext
2026-05-13 13:52:37.469 DEBUG [http-nio-8080-exec-6] o.s.s.w.s.SessionManagementFilter - Request requested invalid session id A4ADABA89541E5EFF9F3A57D6369B73C
2026-05-13 13:52:37.473 DEBUG [http-nio-8080-exec-6] o.s.s.w.s.HttpSessionRequestCache - Saved request http://54.87.30.107:8080/?continue to session
2026-05-13 13:52:37.474 DEBUG [http-nio-8080-exec-6] o.s.s.w.a.DelegatingAuthenticationEntryPoint - Trying to match using And [Not [RequestHeaderRequestMatcher [expectedHeaderName=X-Requested-With, expectedHeaderValue=XMLHttpRequest]], Not [And [Or [PathPattern [/login], PathPattern [/favicon.ico]], And [Not [RequestHeaderRequestMatcher [expectedHeaderName=X-Requested-With, expectedHeaderValue=XMLHttpRequest]], MediaTypeRequestMatcher [contentNegotiationStrategy=org.springframework.web.accept.ContentNegotiationManager@7117e292, matchingMediaTypes=[application/xhtml+xml, image/*, text/html, text/plain], useEquals=false, ignoredMediaTypes=[*/*]]]]], org.springframework.security.config.annotation.web.configurers.oauth2.client.OAuth2LoginConfigurer$$Lambda$2538/0x00007ff2a0eb4aa0@6f71dd43]
2026-05-13 13:52:37.474 DEBUG [http-nio-8080-exec-6] o.s.s.w.a.DelegatingAuthenticationEntryPoint - Match found! Executing org.springframework.security.web.authentication.LoginUrlAuthenticationEntryPoint@6e2c6d0c
2026-05-13 13:52:37.475 DEBUG [http-nio-8080-exec-6] o.s.s.web.DefaultRedirectStrategy - Redirecting to /oauth2/authorization/google
2026-05-13 13:52:37.670 DEBUG [http-nio-8080-exec-7] o.s.security.web.FilterChainProxy - Securing GET /oauth2/authorization/google
2026-05-13 13:52:37.677 DEBUG [http-nio-8080-exec-7] o.s.s.web.DefaultRedirectStrategy - Redirecting to https://accounts.google.com/o/oauth2/v2/auth?access_type=offline&prompt=consent&response_type=code&client_id=975512123082-lv8mlq2sgj858vehae8n82fie1n70pil.apps.googleusercontent.com&scope=openid%20email%20profile%20https://www.googleapis.com/auth/youtube.readonly%20https://www.googleapis.com/auth/yt-analytics.readonly&state=QLi6EQyCjA77coR-rYerF6rhxZCU3XFIo0ocrOe9u5g%3D&redirect_uri=http://54.87.30.107.nip.io:8080/login/oauth2/code/google&nonce=Zyot1Brfo_pVzdWwmPBuEh5Lr8PelOm92W1StqpG5qg&code_challenge=tEAJiTcWU_UP1qKE1mJhj_NA1Enk4_agJz9tIyQyeh4&code_challenge_method=S256
2026-05-13 13:52:50.642 DEBUG [http-nio-8080-exec-8] o.s.security.web.FilterChainProxy - Securing GET /login/oauth2/code/google?state=QLi6EQyCjA77coR-rYerF6rhxZCU3XFIo0ocrOe9u5g%3D&iss=https://accounts.google.com&code=4/0AeoWuM9WJwSWvM7kap6S7tEJBb51PhQhMzDgXNlO7MzK7sNKJ-Txmn2S6gMkuAvZNo_0-w&scope=email%20profile%20https://www.googleapis.com/auth/youtube.readonly%20https://www.googleapis.com/auth/yt-analytics.readonly%20https://www.googleapis.com/auth/userinfo.profile%20https://www.googleapis.com/auth/userinfo.email%20openid&authuser=1&hd=kookmin.ac.kr&prompt=consent
2026-05-13 13:52:50.643 DEBUG [http-nio-8080-exec-8] o.s.s.web.DefaultRedirectStrategy - Redirecting to /login?error
2026-05-13 13:52:50.843 DEBUG [http-nio-8080-exec-9] o.s.security.web.FilterChainProxy - Securing GET /login?error
2026-05-13 13:52:51.075 DEBUG [http-nio-8080-exec-10] o.s.security.web.FilterChainProxy - Securing GET /default-ui.css
2026-05-13 13:52:51.309 DEBUG [http-nio-8080-exec-1] o.s.security.web.FilterChainProxy - Securing GET /favicon.ico
2026-05-13 13:52:51.310 DEBUG [http-nio-8080-exec-1] o.s.s.w.a.AnonymousAuthenticationFilter - Set SecurityContextHolder to anonymous SecurityContext
2026-05-13 13:52:51.310 DEBUG [http-nio-8080-exec-1] o.s.s.w.a.DelegatingAuthenticationEntryPoint - Trying to match using And [Not [RequestHeaderRequestMatcher [expectedHeaderName=X-Requested-With, expectedHeaderValue=XMLHttpRequest]], Not [And [Or [PathPattern [/login], PathPattern [/favicon.ico]], And [Not [RequestHeaderRequestMatcher [expectedHeaderName=X-Requested-With, expectedHeaderValue=XMLHttpRequest]], MediaTypeRequestMatcher [contentNegotiationStrategy=org.springframework.web.accept.ContentNegotiationManager@7117e292, matchingMediaTypes=[application/xhtml+xml, image/*, text/html, text/plain], useEquals=false, ignoredMediaTypes=[*/*]]]]], org.springframework.security.config.annotation.web.configurers.oauth2.client.OAuth2LoginConfigurer$$Lambda$2538/0x00007ff2a0eb4aa0@6f71dd43]
2026-05-13 13:52:51.311 DEBUG [http-nio-8080-exec-1] o.s.s.w.a.DelegatingAuthenticationEntryPoint - No match found. Using default entry point org.springframework.security.web.authentication.LoginUrlAuthenticationEntryPoint@361de879
2026-05-13 13:52:51.311 DEBUG [http-nio-8080-exec-1] o.s.s.web.DefaultRedirectStrategy - Redirecting to /login
2026-05-13 13:52:51.512 DEBUG [http-nio-8080-exec-2] o.s.security.web.FilterChainProxy - Securing GET /login
2026-05-13 13:52:54.765 DEBUG [http-nio-8080-exec-3] o.s.security.web.FilterChainProxy - Securing GET /oauth2/authorization/google
2026-05-13 13:52:54.766 DEBUG [http-nio-8080-exec-3] o.s.s.web.DefaultRedirectStrategy - Redirecting to https://accounts.google.com/o/oauth2/v2/auth?access_type=offline&prompt=consent&response_type=code&client_id=975512123082-lv8mlq2sgj858vehae8n82fie1n70pil.apps.googleusercontent.com&scope=openid%20email%20profile%20https://www.googleapis.com/auth/youtube.readonly%20https://www.googleapis.com/auth/yt-analytics.readonly&state=5oWW2AMKxIT9yrCPxCEsN5ULeljLeWP-bVvBD4NPqJI%3D&redirect_uri=http://54.87.30.107.nip.io:8080/login/oauth2/code/google&nonce=LJpc3IARKnSJlSOnUrGCPisoTJ7vGDkSKw6QGWqv_wQ&code_challenge=xOGE3xM1uGd8ofKjjSpAFqR4wNk-G6eAtaJK7t74N6g&code_challenge_method=S256
2026-05-13 13:53:05.417 DEBUG [http-nio-8080-exec-4] o.s.security.web.FilterChainProxy - Securing GET /login/oauth2/code/google?state=5oWW2AMKxIT9yrCPxCEsN5ULeljLeWP-bVvBD4NPqJI%3D&iss=https://accounts.google.com&code=4/0AeoWuM9Ud3hPUi0diNb1yi2gM88UrjCOk2Hc_r-j0U8LvWySg1w3ZFNA4oo-0t8_ys2cNA&scope=email%20profile%20https://www.googleapis.com/auth/youtube.readonly%20https://www.googleapis.com/auth/yt-analytics.readonly%20https://www.googleapis.com/auth/userinfo.profile%20https://www.googleapis.com/auth/userinfo.email%20openid&authuser=1&hd=kookmin.ac.kr&prompt=consent
2026-05-13 13:53:06.235 DEBUG [http-nio-8080-exec-4] o.s.s.o.j.NimbusJwtDecoder$RestTemplateWithNimbusDefaultTimeouts - HTTP GET https://www.googleapis.com/oauth2/v3/certs
2026-05-13 13:53:06.237 DEBUG [http-nio-8080-exec-4] o.s.s.o.j.NimbusJwtDecoder$RestTemplateWithNimbusDefaultTimeouts - Accept=[text/plain, application/json, application/yaml, application/*+json, */*]
2026-05-13 13:53:06.261 DEBUG [http-nio-8080-exec-4] o.s.s.o.j.NimbusJwtDecoder$RestTemplateWithNimbusDefaultTimeouts - Response 200 OK
2026-05-13 13:53:06.262 DEBUG [http-nio-8080-exec-4] o.s.s.o.j.NimbusJwtDecoder$RestTemplateWithNimbusDefaultTimeouts - Reading to [java.lang.String] as "application/json;charset=UTF-8"
2026-05-13 13:53:06.485 DEBUG [http-nio-8080-exec-4] o.s.s.w.a.s.ChangeSessionIdAuthenticationStrategy - Changed session id from BC2A7626017FF45749240D6FCB2E8896
2026-05-13 13:53:06.487 DEBUG [http-nio-8080-exec-4] o.s.s.w.c.HttpSessionSecurityContextRepository - Stored SecurityContextImpl [Authentication=OAuth2AuthenticationToken [Principal=Name: [111566130800361051860], Granted Authorities: [[OIDC_USER, SCOPE_https://www.googleapis.com/auth/userinfo.email, SCOPE_https://www.googleapis.com/auth/userinfo.profile, SCOPE_https://www.googleapis.com/auth/youtube.readonly, SCOPE_https://www.googleapis.com/auth/yt-analytics.readonly, SCOPE_openid]], User Attributes: [{at_hash=Begy_h6hTSyBKeksLpGuVA, sub=111566130800361051860, email_verified=true, iss=https://accounts.google.com, given_name=이재원(학부생-소프트웨어전공), nonce=LJpc3IARKnSJlSOnUrGCPisoTJ7vGDkSKw6QGWqv_wQ, picture=https://lh3.googleusercontent.com/a/ACg8ocJPTvGhXHSHsQ9S4dn4Iv8oGH7AZJlAIp4gVXPVw208SWmVvw=s96-c, aud=[975512123082-lv8mlq2sgj858vehae8n82fie1n70pil.apps.googleusercontent.com], azp=975512123082-lv8mlq2sgj858vehae8n82fie1n70pil.apps.googleusercontent.com, name=‍이재원(학부생-소프트웨어전공), hd=kookmin.ac.kr, exp=2026-05-13T14:53:06Z, family_name=‍, iat=2026-05-13T13:53:06Z, email=2wodnjs7@kookmin.ac.kr}], Credentials=[PROTECTED], Authenticated=true, Details=WebAuthenticationDetails [RemoteIpAddress=121.161.80.37, SessionId=BC2A7626017FF45749240D6FCB2E8896], Granted Authorities=[OIDC_USER, SCOPE_https://www.googleapis.com/auth/userinfo.email, SCOPE_https://www.googleapis.com/auth/userinfo.profile, SCOPE_https://www.googleapis.com/auth/youtube.readonly, SCOPE_https://www.googleapis.com/auth/yt-analytics.readonly, SCOPE_openid]]] to HttpSession [org.apache.catalina.session.StandardSessionFacade@24dd8981]
2026-05-13 13:53:06.489 DEBUG [http-nio-8080-exec-4] o.s.s.o.c.w.OAuth2LoginAuthenticationFilter - Set SecurityContextHolder to OAuth2AuthenticationToken [Principal=Name: [111566130800361051860], Granted Authorities: [[OIDC_USER, SCOPE_https://www.googleapis.com/auth/userinfo.email, SCOPE_https://www.googleapis.com/auth/userinfo.profile, SCOPE_https://www.googleapis.com/auth/youtube.readonly, SCOPE_https://www.googleapis.com/auth/yt-analytics.readonly, SCOPE_openid]], User Attributes: [{at_hash=Begy_h6hTSyBKeksLpGuVA, sub=111566130800361051860, email_verified=true, iss=https://accounts.google.com, given_name=이재원(학부생-소프트웨어전공), nonce=LJpc3IARKnSJlSOnUrGCPisoTJ7vGDkSKw6QGWqv_wQ, picture=https://lh3.googleusercontent.com/a/ACg8ocJPTvGhXHSHsQ9S4dn4Iv8oGH7AZJlAIp4gVXPVw208SWmVvw=s96-c, aud=[975512123082-lv8mlq2sgj858vehae8n82fie1n70pil.apps.googleusercontent.com], azp=975512123082-lv8mlq2sgj858vehae8n82fie1n70pil.apps.googleusercontent.com, name=‍이재원(학부생-소프트웨어전공), hd=kookmin.ac.kr, exp=2026-05-13T14:53:06Z, family_name=‍, iat=2026-05-13T13:53:06Z, email=2wodnjs7@kookmin.ac.kr}], Credentials=[PROTECTED], Authenticated=true, Details=WebAuthenticationDetails [RemoteIpAddress=121.161.80.37, SessionId=BC2A7626017FF45749240D6FCB2E8896], Granted Authorities=[OIDC_USER, SCOPE_https://www.googleapis.com/auth/userinfo.email, SCOPE_https://www.googleapis.com/auth/userinfo.profile, SCOPE_https://www.googleapis.com/auth/youtube.readonly, SCOPE_https://www.googleapis.com/auth/yt-analytics.readonly, SCOPE_openid]]
2026-05-13 13:53:06.491 INFO  [http-nio-8080-exec-4] c.c.c.security.OAuth2SuccessHandler - OAuth2 로그인 성공 - principalName: 111566130800361051860
2026-05-13 13:53:06.491 INFO  [http-nio-8080-exec-4] c.c.c.security.OAuth2SuccessHandler - accessToken 획득 완료, refreshToken: 있음
2026-05-13 13:53:06.532 INFO  [http-nio-8080-exec-4] c.c.c.security.OAuth2SuccessHandler - 유저 조회/생성 완료 - userId: 2
2026-05-13 13:53:06.788 INFO  [http-nio-8080-exec-4] c.c.c.security.OAuth2SuccessHandler - JWT 발급 완료, 리다이렉트: http://54.87.30.107:5173/oauth-callback
2026-05-13 13:53:06.789 DEBUG [http-nio-8080-exec-4] o.s.s.web.DefaultRedirectStrategy - Redirecting to http://54.87.30.107:5173/oauth-callback?token=eyJhbGciOiJIUzM4NCJ9.eyJzdWIiOiIyIiwiaWF0IjoxNzc4NjgwMzg2LCJleHAiOjE3Nzg3NjY3ODZ9.uMuIKy1p9HP-ttRhrhb0UXFKxFq-jAntMji6yNzcMFN9AX8k0pGFeNJcaqFS5esQ&channelName=%E2%80%8D%EC%9D%B4%EC%9E%AC%EC%9B%90%28%ED%95%99%EB%B6%80%EC%83%9D-%EC%86%8C%ED%94%84%ED%8A%B8%EC%9B%A8%EC%96%B4%EC%A0%84%EA%B3%B5%29&channelUrl=https%3A%2F%2Fwww.youtube.com%2Fchannel%2FUCrUMlWBN_tSUlaoHQmsR-SA
2026-05-13 13:54:45.382 DEBUG [http-nio-8080-exec-1] o.s.security.web.FilterChainProxy - Securing GET /
2026-05-13 13:54:45.383 DEBUG [http-nio-8080-exec-1] o.s.s.w.a.AnonymousAuthenticationFilter - Set SecurityContextHolder to anonymous SecurityContext
2026-05-13 13:54:45.385 DEBUG [http-nio-8080-exec-1] o.s.s.w.s.HttpSessionRequestCache - Saved request http://54.87.30.107:8080/?continue to session
2026-05-13 13:54:45.385 DEBUG [http-nio-8080-exec-1] o.s.s.w.a.DelegatingAuthenticationEntryPoint - Trying to match using And [Not [RequestHeaderRequestMatcher [expectedHeaderName=X-Requested-With, expectedHeaderValue=XMLHttpRequest]], Not [And [Or [PathPattern [/login], PathPattern [/favicon.ico]], And [Not [RequestHeaderRequestMatcher [expectedHeaderName=X-Requested-With, expectedHeaderValue=XMLHttpRequest]], MediaTypeRequestMatcher [contentNegotiationStrategy=org.springframework.web.accept.ContentNegotiationManager@7117e292, matchingMediaTypes=[application/xhtml+xml, image/*, text/html, text/plain], useEquals=false, ignoredMediaTypes=[*/*]]]]], org.springframework.security.config.annotation.web.configurers.oauth2.client.OAuth2LoginConfigurer$$Lambda$2538/0x00007ff2a0eb4aa0@6f71dd43]
2026-05-13 13:54:45.388 DEBUG [http-nio-8080-exec-1] o.s.s.w.a.DelegatingAuthenticationEntryPoint - Match found! Executing org.springframework.security.web.authentication.LoginUrlAuthenticationEntryPoint@6e2c6d0c
2026-05-13 13:54:45.388 DEBUG [http-nio-8080-exec-1] o.s.s.web.DefaultRedirectStrategy - Redirecting to /oauth2/authorization/google
2026-05-13 13:54:45.588 DEBUG [http-nio-8080-exec-2] o.s.security.web.FilterChainProxy - Securing GET /oauth2/authorization/google
2026-05-13 13:54:45.590 DEBUG [http-nio-8080-exec-2] o.s.s.web.DefaultRedirectStrategy - Redirecting to https://accounts.google.com/o/oauth2/v2/auth?access_type=offline&prompt=consent&response_type=code&client_id=975512123082-lv8mlq2sgj858vehae8n82fie1n70pil.apps.googleusercontent.com&scope=openid%20email%20profile%20https://www.googleapis.com/auth/youtube.readonly%20https://www.googleapis.com/auth/yt-analytics.readonly&state=qOB6f6uwzfPXK8Lh65A1Py7ZDxPRVlLBQnFb_t9IFPQ%3D&redirect_uri=http://54.87.30.107.nip.io:8080/login/oauth2/code/google&nonce=fRsaYhBFRfN4mwqd2X0kyNVQ5PGoiINMeHVVQaSzoT0&code_challenge=FFa2bWjBfVbGy5TWw9sISUrlE2vcZWDcjzvojlThsj0&code_challenge_method=S256
2026-05-13 13:54:45.799 DEBUG [http-nio-8080-exec-3] o.s.security.web.FilterChainProxy - Securing GET /
2026-05-13 13:54:45.800 DEBUG [http-nio-8080-exec-3] o.s.s.w.a.AnonymousAuthenticationFilter - Set SecurityContextHolder to anonymous SecurityContext
2026-05-13 13:54:45.801 DEBUG [http-nio-8080-exec-3] o.s.s.w.s.HttpSessionRequestCache - Saved request http://54.87.30.107:8080/?continue to session
2026-05-13 13:54:45.802 DEBUG [http-nio-8080-exec-3] o.s.s.w.a.DelegatingAuthenticationEntryPoint - Trying to match using And [Not [RequestHeaderRequestMatcher [expectedHeaderName=X-Requested-With, expectedHeaderValue=XMLHttpRequest]], Not [And [Or [PathPattern [/login], PathPattern [/favicon.ico]], And [Not [RequestHeaderRequestMatcher [expectedHeaderName=X-Requested-With, expectedHeaderValue=XMLHttpRequest]], MediaTypeRequestMatcher [contentNegotiationStrategy=org.springframework.web.accept.ContentNegotiationManager@7117e292, matchingMediaTypes=[application/xhtml+xml, image/*, text/html, text/plain], useEquals=false, ignoredMediaTypes=[*/*]]]]], org.springframework.security.config.annotation.web.configurers.oauth2.client.OAuth2LoginConfigurer$$Lambda$2538/0x00007ff2a0eb4aa0@6f71dd43]
2026-05-13 13:54:45.802 DEBUG [http-nio-8080-exec-3] o.s.s.w.a.DelegatingAuthenticationEntryPoint - Match found! Executing org.springframework.security.web.authentication.LoginUrlAuthenticationEntryPoint@6e2c6d0c
2026-05-13 13:54:45.802 DEBUG [http-nio-8080-exec-3] o.s.s.web.DefaultRedirectStrategy - Redirecting to /oauth2/authorization/google
2026-05-13 13:54:46.005 DEBUG [http-nio-8080-exec-4] o.s.security.web.FilterChainProxy - Securing GET /oauth2/authorization/google
2026-05-13 13:54:46.006 DEBUG [http-nio-8080-exec-4] o.s.s.web.DefaultRedirectStrategy - Redirecting to https://accounts.google.com/o/oauth2/v2/auth?access_type=offline&prompt=consent&response_type=code&client_id=975512123082-lv8mlq2sgj858vehae8n82fie1n70pil.apps.googleusercontent.com&scope=openid%20email%20profile%20https://www.googleapis.com/auth/youtube.readonly%20https://www.googleapis.com/auth/yt-analytics.readonly&state=0M1-AG9DP4NAkVJ3VyjeaJnPwEvocbH4suhNLSxBBp0%3D&redirect_uri=http://54.87.30.107.nip.io:8080/login/oauth2/code/google&nonce=bKmB8YMCAxm0FNJxc2l1LwOwSjklYqTLfQEBb8Nwk8A&code_challenge=YxA3nKz9I8Ayn9cKO3TcUwhojFQ-qhCymBkObGBnl5s&code_challenge_method=S256
2026-05-13 13:58:27.220 DEBUG [http-nio-8080-exec-7] o.s.security.web.FilterChainProxy - Securing GET /oauth2/authorization/google
2026-05-13 13:58:27.222 DEBUG [http-nio-8080-exec-7] o.s.s.web.DefaultRedirectStrategy - Redirecting to https://accounts.google.com/o/oauth2/v2/auth?access_type=offline&prompt=consent&response_type=code&client_id=975512123082-lv8mlq2sgj858vehae8n82fie1n70pil.apps.googleusercontent.com&scope=openid%20email%20profile%20https://www.googleapis.com/auth/youtube.readonly%20https://www.googleapis.com/auth/yt-analytics.readonly&state=-KRnFDub9nmS9CEUY7E-q06rAaSzg_qich3hVJvs5xA%3D&redirect_uri=http://54.87.30.107.nip.io:8080/login/oauth2/code/google&nonce=QC1cunNdm3IMiqw296ZaVL8x2958KwRtmkH6oIS345k&code_challenge=LlJOdJc7DdEFROL2xSaIEkpl6tPuI4GBpK42BySJdik&code_challenge_method=S256
2026-05-13 13:58:37.993 DEBUG [http-nio-8080-exec-8] o.s.security.web.FilterChainProxy - Securing GET /login/oauth2/code/google?state=-KRnFDub9nmS9CEUY7E-q06rAaSzg_qich3hVJvs5xA%3D&iss=https://accounts.google.com&code=4/0AeoWuM_5J3MaP1QbBMmU--yiYa73bCOxKqBBCbMJFpHJk_JERbAcEC5CNEzPg18WWm9IBQ&scope=email%20profile%20https://www.googleapis.com/auth/youtube.readonly%20https://www.googleapis.com/auth/yt-analytics.readonly%20https://www.googleapis.com/auth/userinfo.profile%20https://www.googleapis.com/auth/userinfo.email%20openid&authuser=1&hd=kookmin.ac.kr&prompt=consent
2026-05-13 13:58:38.115 DEBUG [http-nio-8080-exec-8] o.s.s.o.j.NimbusJwtDecoder$RestTemplateWithNimbusDefaultTimeouts - HTTP GET https://www.googleapis.com/oauth2/v3/certs
2026-05-13 13:58:38.116 DEBUG [http-nio-8080-exec-8] o.s.s.o.j.NimbusJwtDecoder$RestTemplateWithNimbusDefaultTimeouts - Accept=[text/plain, application/json, application/yaml, application/*+json, */*]
2026-05-13 13:58:38.140 DEBUG [http-nio-8080-exec-8] o.s.s.o.j.NimbusJwtDecoder$RestTemplateWithNimbusDefaultTimeouts - Response 200 OK
2026-05-13 13:58:38.141 DEBUG [http-nio-8080-exec-8] o.s.s.o.j.NimbusJwtDecoder$RestTemplateWithNimbusDefaultTimeouts - Reading to [java.lang.String] as "application/json;charset=UTF-8"
2026-05-13 13:58:38.205 DEBUG [http-nio-8080-exec-8] o.s.s.w.c.HttpSessionSecurityContextRepository - Retrieved SecurityContextImpl [Authentication=OAuth2AuthenticationToken [Principal=Name: [111566130800361051860], Granted Authorities: [[OIDC_USER, SCOPE_https://www.googleapis.com/auth/userinfo.email, SCOPE_https://www.googleapis.com/auth/userinfo.profile, SCOPE_https://www.googleapis.com/auth/youtube.readonly, SCOPE_https://www.googleapis.com/auth/yt-analytics.readonly, SCOPE_openid]], User Attributes: [{at_hash=Begy_h6hTSyBKeksLpGuVA, sub=111566130800361051860, email_verified=true, iss=https://accounts.google.com, given_name=이재원(학부생-소프트웨어전공), nonce=LJpc3IARKnSJlSOnUrGCPisoTJ7vGDkSKw6QGWqv_wQ, picture=https://lh3.googleusercontent.com/a/ACg8ocJPTvGhXHSHsQ9S4dn4Iv8oGH7AZJlAIp4gVXPVw208SWmVvw=s96-c, aud=[975512123082-lv8mlq2sgj858vehae8n82fie1n70pil.apps.googleusercontent.com], azp=975512123082-lv8mlq2sgj858vehae8n82fie1n70pil.apps.googleusercontent.com, name=‍이재원(학부생-소프트웨어전공), hd=kookmin.ac.kr, exp=2026-05-13T14:53:06Z, family_name=‍, iat=2026-05-13T13:53:06Z, email=2wodnjs7@kookmin.ac.kr}], Credentials=[PROTECTED], Authenticated=true, Details=WebAuthenticationDetails [RemoteIpAddress=121.161.80.37, SessionId=BC2A7626017FF45749240D6FCB2E8896], Granted Authorities=[OIDC_USER, SCOPE_https://www.googleapis.com/auth/userinfo.email, SCOPE_https://www.googleapis.com/auth/userinfo.profile, SCOPE_https://www.googleapis.com/auth/youtube.readonly, SCOPE_https://www.googleapis.com/auth/yt-analytics.readonly, SCOPE_openid]]]
2026-05-13 13:58:38.206 DEBUG [http-nio-8080-exec-8] o.s.s.w.a.s.ChangeSessionIdAuthenticationStrategy - Changed session id from C43E3CEEE8B3ABBA719BEFE032E2BFCB
2026-05-13 13:58:38.206 DEBUG [http-nio-8080-exec-8] o.s.s.w.c.HttpSessionSecurityContextRepository - Stored SecurityContextImpl [Authentication=OAuth2AuthenticationToken [Principal=Name: [111566130800361051860], Granted Authorities: [[OIDC_USER, SCOPE_https://www.googleapis.com/auth/userinfo.email, SCOPE_https://www.googleapis.com/auth/userinfo.profile, SCOPE_https://www.googleapis.com/auth/youtube.readonly, SCOPE_https://www.googleapis.com/auth/yt-analytics.readonly, SCOPE_openid]], User Attributes: [{at_hash=bNHvQLjEnsNDsf9AGVr7Mw, sub=111566130800361051860, email_verified=true, iss=https://accounts.google.com, given_name=이재원(학부생-소프트웨어전공), nonce=QC1cunNdm3IMiqw296ZaVL8x2958KwRtmkH6oIS345k, picture=https://lh3.googleusercontent.com/a/ACg8ocJPTvGhXHSHsQ9S4dn4Iv8oGH7AZJlAIp4gVXPVw208SWmVvw=s96-c, aud=[975512123082-lv8mlq2sgj858vehae8n82fie1n70pil.apps.googleusercontent.com], azp=975512123082-lv8mlq2sgj858vehae8n82fie1n70pil.apps.googleusercontent.com, name=‍이재원(학부생-소프트웨어전공), hd=kookmin.ac.kr, exp=2026-05-13T14:58:38Z, family_name=‍, iat=2026-05-13T13:58:38Z, email=2wodnjs7@kookmin.ac.kr}], Credentials=[PROTECTED], Authenticated=true, Details=WebAuthenticationDetails [RemoteIpAddress=121.161.80.37, SessionId=C43E3CEEE8B3ABBA719BEFE032E2BFCB], Granted Authorities=[OIDC_USER, SCOPE_https://www.googleapis.com/auth/userinfo.email, SCOPE_https://www.googleapis.com/auth/userinfo.profile, SCOPE_https://www.googleapis.com/auth/youtube.readonly, SCOPE_https://www.googleapis.com/auth/yt-analytics.readonly, SCOPE_openid]]] to HttpSession [org.apache.catalina.session.StandardSessionFacade@24dd8981]
2026-05-13 13:58:38.207 DEBUG [http-nio-8080-exec-8] o.s.s.o.c.w.OAuth2LoginAuthenticationFilter - Set SecurityContextHolder to OAuth2AuthenticationToken [Principal=Name: [111566130800361051860], Granted Authorities: [[OIDC_USER, SCOPE_https://www.googleapis.com/auth/userinfo.email, SCOPE_https://www.googleapis.com/auth/userinfo.profile, SCOPE_https://www.googleapis.com/auth/youtube.readonly, SCOPE_https://www.googleapis.com/auth/yt-analytics.readonly, SCOPE_openid]], User Attributes: [{at_hash=bNHvQLjEnsNDsf9AGVr7Mw, sub=111566130800361051860, email_verified=true, iss=https://accounts.google.com, given_name=이재원(학부생-소프트웨어전공), nonce=QC1cunNdm3IMiqw296ZaVL8x2958KwRtmkH6oIS345k, picture=https://lh3.googleusercontent.com/a/ACg8ocJPTvGhXHSHsQ9S4dn4Iv8oGH7AZJlAIp4gVXPVw208SWmVvw=s96-c, aud=[975512123082-lv8mlq2sgj858vehae8n82fie1n70pil.apps.googleusercontent.com], azp=975512123082-lv8mlq2sgj858vehae8n82fie1n70pil.apps.googleusercontent.com, name=‍이재원(학부생-소프트웨어전공), hd=kookmin.ac.kr, exp=2026-05-13T14:58:38Z, family_name=‍, iat=2026-05-13T13:58:38Z, email=2wodnjs7@kookmin.ac.kr}], Credentials=[PROTECTED], Authenticated=true, Details=WebAuthenticationDetails [RemoteIpAddress=121.161.80.37, SessionId=C43E3CEEE8B3ABBA719BEFE032E2BFCB], Granted Authorities=[OIDC_USER, SCOPE_https://www.googleapis.com/auth/userinfo.email, SCOPE_https://www.googleapis.com/auth/userinfo.profile, SCOPE_https://www.googleapis.com/auth/youtube.readonly, SCOPE_https://www.googleapis.com/auth/yt-analytics.readonly, SCOPE_openid]]
2026-05-13 13:58:38.207 INFO  [http-nio-8080-exec-8] c.c.c.security.OAuth2SuccessHandler - OAuth2 로그인 성공 - principalName: 111566130800361051860
2026-05-13 13:58:38.208 INFO  [http-nio-8080-exec-8] c.c.c.security.OAuth2SuccessHandler - accessToken 획득 완료, refreshToken: 있음
2026-05-13 13:58:38.210 INFO  [http-nio-8080-exec-8] c.c.c.security.OAuth2SuccessHandler - 유저 조회/생성 완료 - userId: 2
2026-05-13 13:58:38.370 INFO  [http-nio-8080-exec-8] c.c.c.security.OAuth2SuccessHandler - JWT 발급 완료, 리다이렉트: http://54.87.30.107:5173/oauth-callback
2026-05-13 13:58:38.370 DEBUG [http-nio-8080-exec-8] o.s.s.web.DefaultRedirectStrategy - Redirecting to http://54.87.30.107:5173/oauth-callback?token=eyJhbGciOiJIUzM4NCJ9.eyJzdWIiOiIyIiwiaWF0IjoxNzc4NjgwNzE4LCJleHAiOjE3Nzg3NjcxMTh9.9P-GrxinhNpGhew0PlaM36GeN6tUPUlde74Do0FRt_fsfydyRsRv9v-uQx_HY0AC&channelName=%E2%80%8D%EC%9D%B4%EC%9E%AC%EC%9B%90%28%ED%95%99%EB%B6%80%EC%83%9D-%EC%86%8C%ED%94%84%ED%8A%B8%EC%9B%A8%EC%96%B4%EC%A0%84%EA%B3%B5%29&channelUrl=https%3A%2F%2Fwww.youtube.com%2Fchannel%2FUCrUMlWBN_tSUlaoHQmsR-SA
2026-05-13 13:58:47.248 DEBUG [http-nio-8080-exec-9] o.s.security.web.FilterChainProxy - Securing OPTIONS /analyze/channel?channel=https:%2F%2Fwww.youtube.com%2F%40CRiT
2026-05-13 13:58:53.695 DEBUG [http-nio-8080-exec-10] o.s.security.web.FilterChainProxy - Securing OPTIONS /analyze/channel?channel=https:%2F%2Fwww.youtube.com%2F%40CRiT
2026-05-13 13:59:02.885 DEBUG [http-nio-8080-exec-1] o.s.security.web.FilterChainProxy - Securing GET /oauth2/authorization/google
2026-05-13 13:59:02.886 DEBUG [http-nio-8080-exec-1] o.s.s.web.DefaultRedirectStrategy - Redirecting to https://accounts.google.com/o/oauth2/v2/auth?access_type=offline&prompt=consent&response_type=code&client_id=975512123082-lv8mlq2sgj858vehae8n82fie1n70pil.apps.googleusercontent.com&scope=openid%20email%20profile%20https://www.googleapis.com/auth/youtube.readonly%20https://www.googleapis.com/auth/yt-analytics.readonly&state=ElU47_5nPLoY9rT6sfNBXLumTwyd82XiRBidvtKOztc%3D&redirect_uri=http://54.87.30.107.nip.io:8080/login/oauth2/code/google&nonce=7gS9tTfGudM56crSaL4qBxQb0l6TriQ87EvvXFs-R6M&code_challenge=A2yt5AbzcMPVX0LnG_JX7Xoybfm96cfq2781UUdSSwQ&code_challenge_method=S256
2026-05-13 13:59:15.699 DEBUG [http-nio-8080-exec-2] o.s.security.web.FilterChainProxy - Securing GET /login/oauth2/code/google?state=ElU47_5nPLoY9rT6sfNBXLumTwyd82XiRBidvtKOztc%3D&iss=https://accounts.google.com&code=4/0AeoWuM_S6erwfuctAbonG3KmHsKRrJrBq1_45uegefSu48ktldhcPcP0vQ8GG7RU-snuXQ&scope=email%20profile%20https://www.googleapis.com/auth/youtube.readonly%20https://www.googleapis.com/auth/yt-analytics.readonly%20https://www.googleapis.com/auth/userinfo.profile%20https://www.googleapis.com/auth/userinfo.email%20openid&authuser=1&hd=kookmin.ac.kr&prompt=consent
2026-05-13 13:59:15.798 DEBUG [http-nio-8080-exec-2] o.s.s.o.j.NimbusJwtDecoder$RestTemplateWithNimbusDefaultTimeouts - HTTP GET https://www.googleapis.com/oauth2/v3/certs
2026-05-13 13:59:15.799 DEBUG [http-nio-8080-exec-2] o.s.s.o.j.NimbusJwtDecoder$RestTemplateWithNimbusDefaultTimeouts - Accept=[text/plain, application/json, application/yaml, application/*+json, */*]
2026-05-13 13:59:15.836 DEBUG [http-nio-8080-exec-2] o.s.s.o.j.NimbusJwtDecoder$RestTemplateWithNimbusDefaultTimeouts - Response 200 OK
2026-05-13 13:59:15.837 DEBUG [http-nio-8080-exec-2] o.s.s.o.j.NimbusJwtDecoder$RestTemplateWithNimbusDefaultTimeouts - Reading to [java.lang.String] as "application/json;charset=UTF-8"
2026-05-13 13:59:15.912 DEBUG [http-nio-8080-exec-2] o.s.s.w.c.HttpSessionSecurityContextRepository - Retrieved SecurityContextImpl [Authentication=OAuth2AuthenticationToken [Principal=Name: [111566130800361051860], Granted Authorities: [[OIDC_USER, SCOPE_https://www.googleapis.com/auth/userinfo.email, SCOPE_https://www.googleapis.com/auth/userinfo.profile, SCOPE_https://www.googleapis.com/auth/youtube.readonly, SCOPE_https://www.googleapis.com/auth/yt-analytics.readonly, SCOPE_openid]], User Attributes: [{at_hash=bNHvQLjEnsNDsf9AGVr7Mw, sub=111566130800361051860, email_verified=true, iss=https://accounts.google.com, given_name=이재원(학부생-소프트웨어전공), nonce=QC1cunNdm3IMiqw296ZaVL8x2958KwRtmkH6oIS345k, picture=https://lh3.googleusercontent.com/a/ACg8ocJPTvGhXHSHsQ9S4dn4Iv8oGH7AZJlAIp4gVXPVw208SWmVvw=s96-c, aud=[975512123082-lv8mlq2sgj858vehae8n82fie1n70pil.apps.googleusercontent.com], azp=975512123082-lv8mlq2sgj858vehae8n82fie1n70pil.apps.googleusercontent.com, name=‍이재원(학부생-소프트웨어전공), hd=kookmin.ac.kr, exp=2026-05-13T14:58:38Z, family_name=‍, iat=2026-05-13T13:58:38Z, email=2wodnjs7@kookmin.ac.kr}], Credentials=[PROTECTED], Authenticated=true, Details=WebAuthenticationDetails [RemoteIpAddress=121.161.80.37, SessionId=C43E3CEEE8B3ABBA719BEFE032E2BFCB], Granted Authorities=[OIDC_USER, SCOPE_https://www.googleapis.com/auth/userinfo.email, SCOPE_https://www.googleapis.com/auth/userinfo.profile, SCOPE_https://www.googleapis.com/auth/youtube.readonly, SCOPE_https://www.googleapis.com/auth/yt-analytics.readonly, SCOPE_openid]]]
2026-05-13 13:59:15.913 DEBUG [http-nio-8080-exec-2] o.s.s.w.a.s.ChangeSessionIdAuthenticationStrategy - Changed session id from B1EFA5078DAC8D6C892E239D6EF65A5B
2026-05-13 13:59:15.913 DEBUG [http-nio-8080-exec-2] o.s.s.w.c.HttpSessionSecurityContextRepository - Stored SecurityContextImpl [Authentication=OAuth2AuthenticationToken [Principal=Name: [111566130800361051860], Granted Authorities: [[OIDC_USER, SCOPE_https://www.googleapis.com/auth/userinfo.email, SCOPE_https://www.googleapis.com/auth/userinfo.profile, SCOPE_https://www.googleapis.com/auth/youtube.readonly, SCOPE_https://www.googleapis.com/auth/yt-analytics.readonly, SCOPE_openid]], User Attributes: [{at_hash=E3SZQsNBjk_JBVxa0f6C6Q, sub=111566130800361051860, email_verified=true, iss=https://accounts.google.com, given_name=이재원(학부생-소프트웨어전공), nonce=7gS9tTfGudM56crSaL4qBxQb0l6TriQ87EvvXFs-R6M, picture=https://lh3.googleusercontent.com/a/ACg8ocJPTvGhXHSHsQ9S4dn4Iv8oGH7AZJlAIp4gVXPVw208SWmVvw=s96-c, aud=[975512123082-lv8mlq2sgj858vehae8n82fie1n70pil.apps.googleusercontent.com], azp=975512123082-lv8mlq2sgj858vehae8n82fie1n70pil.apps.googleusercontent.com, name=‍이재원(학부생-소프트웨어전공), hd=kookmin.ac.kr, exp=2026-05-13T14:59:15Z, family_name=‍, iat=2026-05-13T13:59:15Z, email=2wodnjs7@kookmin.ac.kr}], Credentials=[PROTECTED], Authenticated=true, Details=WebAuthenticationDetails [RemoteIpAddress=121.161.80.37, SessionId=B1EFA5078DAC8D6C892E239D6EF65A5B], Granted Authorities=[OIDC_USER, SCOPE_https://www.googleapis.com/auth/userinfo.email, SCOPE_https://www.googleapis.com/auth/userinfo.profile, SCOPE_https://www.googleapis.com/auth/youtube.readonly, SCOPE_https://www.googleapis.com/auth/yt-analytics.readonly, SCOPE_openid]]] to HttpSession [org.apache.catalina.session.StandardSessionFacade@24dd8981]
2026-05-13 13:59:15.914 DEBUG [http-nio-8080-exec-2] o.s.s.o.c.w.OAuth2LoginAuthenticationFilter - Set SecurityContextHolder to OAuth2AuthenticationToken [Principal=Name: [111566130800361051860], Granted Authorities: [[OIDC_USER, SCOPE_https://www.googleapis.com/auth/userinfo.email, SCOPE_https://www.googleapis.com/auth/userinfo.profile, SCOPE_https://www.googleapis.com/auth/youtube.readonly, SCOPE_https://www.googleapis.com/auth/yt-analytics.readonly, SCOPE_openid]], User Attributes: [{at_hash=E3SZQsNBjk_JBVxa0f6C6Q, sub=111566130800361051860, email_verified=true, iss=https://accounts.google.com, given_name=이재원(학부생-소프트웨어전공), nonce=7gS9tTfGudM56crSaL4qBxQb0l6TriQ87EvvXFs-R6M, picture=https://lh3.googleusercontent.com/a/ACg8ocJPTvGhXHSHsQ9S4dn4Iv8oGH7AZJlAIp4gVXPVw208SWmVvw=s96-c, aud=[975512123082-lv8mlq2sgj858vehae8n82fie1n70pil.apps.googleusercontent.com], azp=975512123082-lv8mlq2sgj858vehae8n82fie1n70pil.apps.googleusercontent.com, name=‍이재원(학부생-소프트웨어전공), hd=kookmin.ac.kr, exp=2026-05-13T14:59:15Z, family_name=‍, iat=2026-05-13T13:59:15Z, email=2wodnjs7@kookmin.ac.kr}], Credentials=[PROTECTED], Authenticated=true, Details=WebAuthenticationDetails [RemoteIpAddress=121.161.80.37, SessionId=B1EFA5078DAC8D6C892E239D6EF65A5B], Granted Authorities=[OIDC_USER, SCOPE_https://www.googleapis.com/auth/userinfo.email, SCOPE_https://www.googleapis.com/auth/userinfo.profile, SCOPE_https://www.googleapis.com/auth/youtube.readonly, SCOPE_https://www.googleapis.com/auth/yt-analytics.readonly, SCOPE_openid]]
2026-05-13 13:59:15.914 INFO  [http-nio-8080-exec-2] c.c.c.security.OAuth2SuccessHandler - OAuth2 로그인 성공 - principalName: 111566130800361051860
2026-05-13 13:59:15.914 INFO  [http-nio-8080-exec-2] c.c.c.security.OAuth2SuccessHandler - accessToken 획득 완료, refreshToken: 있음
2026-05-13 13:59:15.919 INFO  [http-nio-8080-exec-2] c.c.c.security.OAuth2SuccessHandler - 유저 조회/생성 완료 - userId: 2
2026-05-13 13:59:16.039 INFO  [http-nio-8080-exec-2] c.c.c.security.OAuth2SuccessHandler - JWT 발급 완료, 리다이렉트: http://54.87.30.107:5173/oauth-callback
2026-05-13 13:59:16.040 DEBUG [http-nio-8080-exec-2] o.s.s.web.DefaultRedirectStrategy - Redirecting to http://54.87.30.107:5173/oauth-callback?token=eyJhbGciOiJIUzM4NCJ9.eyJzdWIiOiIyIiwiaWF0IjoxNzc4NjgwNzU2LCJleHAiOjE3Nzg3NjcxNTZ9.Un5lOV2Zx1tMqBj-lGwPYm0y5fGHNoHGMBXtFfkYLgv3V6nQYDs_7AbasXf9xGFb&channelName=%E2%80%8D%EC%9D%B4%EC%9E%AC%EC%9B%90%28%ED%95%99%EB%B6%80%EC%83%9D-%EC%86%8C%ED%94%84%ED%8A%B8%EC%9B%A8%EC%96%B4%EC%A0%84%EA%B3%B5%29&channelUrl=https%3A%2F%2Fwww.youtube.com%2Fchannel%2FUCrUMlWBN_tSUlaoHQmsR-SA
2026-05-13 13:59:53.420 DEBUG [http-nio-8080-exec-4] o.s.security.web.FilterChainProxy - Securing GET /login/oauth2/code/google
2026-05-13 13:59:53.420 DEBUG [http-nio-8080-exec-4] o.s.s.web.DefaultRedirectStrategy - Redirecting to /login?error
2026-05-13 13:59:53.615 DEBUG [http-nio-8080-exec-6] o.s.security.web.FilterChainProxy - Securing GET /login?error
2026-05-13 13:59:53.832 DEBUG [http-nio-8080-exec-5] o.s.security.web.FilterChainProxy - Securing GET /default-ui.css
2026-05-13 13:59:54.057 DEBUG [http-nio-8080-exec-8] o.s.security.web.FilterChainProxy - Securing GET /favicon.ico
2026-05-13 13:59:54.058 DEBUG [http-nio-8080-exec-8] o.s.s.w.c.HttpSessionSecurityContextRepository - Retrieved SecurityContextImpl [Authentication=OAuth2AuthenticationToken [Principal=Name: [111566130800361051860], Granted Authorities: [[OIDC_USER, SCOPE_https://www.googleapis.com/auth/userinfo.email, SCOPE_https://www.googleapis.com/auth/userinfo.profile, SCOPE_https://www.googleapis.com/auth/youtube.readonly, SCOPE_https://www.googleapis.com/auth/yt-analytics.readonly, SCOPE_openid]], User Attributes: [{at_hash=E3SZQsNBjk_JBVxa0f6C6Q, sub=111566130800361051860, email_verified=true, iss=https://accounts.google.com, given_name=이재원(학부생-소프트웨어전공), nonce=7gS9tTfGudM56crSaL4qBxQb0l6TriQ87EvvXFs-R6M, picture=https://lh3.googleusercontent.com/a/ACg8ocJPTvGhXHSHsQ9S4dn4Iv8oGH7AZJlAIp4gVXPVw208SWmVvw=s96-c, aud=[975512123082-lv8mlq2sgj858vehae8n82fie1n70pil.apps.googleusercontent.com], azp=975512123082-lv8mlq2sgj858vehae8n82fie1n70pil.apps.googleusercontent.com, name=‍이재원(학부생-소프트웨어전공), hd=kookmin.ac.kr, exp=2026-05-13T14:59:15Z, family_name=‍, iat=2026-05-13T13:59:15Z, email=2wodnjs7@kookmin.ac.kr}], Credentials=[PROTECTED], Authenticated=true, Details=WebAuthenticationDetails [RemoteIpAddress=121.161.80.37, SessionId=B1EFA5078DAC8D6C892E239D6EF65A5B], Granted Authorities=[OIDC_USER, SCOPE_https://www.googleapis.com/auth/userinfo.email, SCOPE_https://www.googleapis.com/auth/userinfo.profile, SCOPE_https://www.googleapis.com/auth/youtube.readonly, SCOPE_https://www.googleapis.com/auth/yt-analytics.readonly, SCOPE_openid]]]
2026-05-13 13:59:54.059 DEBUG [http-nio-8080-exec-8] o.s.security.web.FilterChainProxy - Secured GET /favicon.ico
2026-05-13 13:59:54.074 DEBUG [http-nio-8080-exec-8] o.s.security.web.FilterChainProxy - Securing GET /error
2026-05-13 13:59:54.075 DEBUG [http-nio-8080-exec-8] o.s.s.w.c.HttpSessionSecurityContextRepository - Retrieved SecurityContextImpl [Authentication=OAuth2AuthenticationToken [Principal=Name: [111566130800361051860], Granted Authorities: [[OIDC_USER, SCOPE_https://www.googleapis.com/auth/userinfo.email, SCOPE_https://www.googleapis.com/auth/userinfo.profile, SCOPE_https://www.googleapis.com/auth/youtube.readonly, SCOPE_https://www.googleapis.com/auth/yt-analytics.readonly, SCOPE_openid]], User Attributes: [{at_hash=E3SZQsNBjk_JBVxa0f6C6Q, sub=111566130800361051860, email_verified=true, iss=https://accounts.google.com, given_name=이재원(학부생-소프트웨어전공), nonce=7gS9tTfGudM56crSaL4qBxQb0l6TriQ87EvvXFs-R6M, picture=https://lh3.googleusercontent.com/a/ACg8ocJPTvGhXHSHsQ9S4dn4Iv8oGH7AZJlAIp4gVXPVw208SWmVvw=s96-c, aud=[975512123082-lv8mlq2sgj858vehae8n82fie1n70pil.apps.googleusercontent.com], azp=975512123082-lv8mlq2sgj858vehae8n82fie1n70pil.apps.googleusercontent.com, name=‍이재원(학부생-소프트웨어전공), hd=kookmin.ac.kr, exp=2026-05-13T14:59:15Z, family_name=‍, iat=2026-05-13T13:59:15Z, email=2wodnjs7@kookmin.ac.kr}], Credentials=[PROTECTED], Authenticated=true, Details=WebAuthenticationDetails [RemoteIpAddress=121.161.80.37, SessionId=B1EFA5078DAC8D6C892E239D6EF65A5B], Granted Authorities=[OIDC_USER, SCOPE_https://www.googleapis.com/auth/userinfo.email, SCOPE_https://www.googleapis.com/auth/userinfo.profile, SCOPE_https://www.googleapis.com/auth/youtube.readonly, SCOPE_https://www.googleapis.com/auth/yt-analytics.readonly, SCOPE_openid]]]
2026-05-13 13:59:54.076 DEBUG [http-nio-8080-exec-8] o.s.security.web.FilterChainProxy - Secured GET /error
2026-05-13 13:59:56.990 DEBUG [http-nio-8080-exec-9] o.s.security.web.FilterChainProxy - Securing GET /oauth2/authorization/google
2026-05-13 13:59:56.991 DEBUG [http-nio-8080-exec-9] o.s.s.web.DefaultRedirectStrategy - Redirecting to https://accounts.google.com/o/oauth2/v2/auth?access_type=offline&prompt=consent&response_type=code&client_id=975512123082-lv8mlq2sgj858vehae8n82fie1n70pil.apps.googleusercontent.com&scope=openid%20email%20profile%20https://www.googleapis.com/auth/youtube.readonly%20https://www.googleapis.com/auth/yt-analytics.readonly&state=F3yz_7v0KwQfHsk_EsyOl9Iyu_6mokmJmrNdhtU0cAo%3D&redirect_uri=http://54.87.30.107.nip.io:8080/login/oauth2/code/google&nonce=7AEeqNzzF6TfazF7a9lZHqm6YhQPjBnXnW51vWU4GJg&code_challenge=VhTkvemNViTCPAOWHW44zTKg0KjbO7LWYzQ_pUZezVc&code_challenge_method=S256
2026-05-13 14:00:07.513 DEBUG [http-nio-8080-exec-10] o.s.security.web.FilterChainProxy - Securing GET /login/oauth2/code/google?state=F3yz_7v0KwQfHsk_EsyOl9Iyu_6mokmJmrNdhtU0cAo%3D&iss=https://accounts.google.com&code=4/0AeoWuM8EQ-s8krL0Yv0_fc032ZDoF8KX7TwOgO5YHb2-hdubCZNJaFeK3ZipFuJrY9fAFQ&scope=email%20profile%20https://www.googleapis.com/auth/youtube.readonly%20https://www.googleapis.com/auth/yt-analytics.readonly%20https://www.googleapis.com/auth/userinfo.profile%20https://www.googleapis.com/auth/userinfo.email%20openid&authuser=1&hd=kookmin.ac.kr&prompt=consent
2026-05-13 14:00:07.610 DEBUG [http-nio-8080-exec-10] o.s.s.o.j.NimbusJwtDecoder$RestTemplateWithNimbusDefaultTimeouts - HTTP GET https://www.googleapis.com/oauth2/v3/certs
2026-05-13 14:00:07.610 DEBUG [http-nio-8080-exec-10] o.s.s.o.j.NimbusJwtDecoder$RestTemplateWithNimbusDefaultTimeouts - Accept=[text/plain, application/json, application/yaml, application/*+json, */*]
2026-05-13 14:00:07.627 DEBUG [http-nio-8080-exec-10] o.s.s.o.j.NimbusJwtDecoder$RestTemplateWithNimbusDefaultTimeouts - Response 200 OK
2026-05-13 14:00:07.627 DEBUG [http-nio-8080-exec-10] o.s.s.o.j.NimbusJwtDecoder$RestTemplateWithNimbusDefaultTimeouts - Reading to [java.lang.String] as "application/json;charset=UTF-8"
2026-05-13 14:00:07.689 DEBUG [http-nio-8080-exec-10] o.s.s.w.c.HttpSessionSecurityContextRepository - Retrieved SecurityContextImpl [Authentication=OAuth2AuthenticationToken [Principal=Name: [111566130800361051860], Granted Authorities: [[OIDC_USER, SCOPE_https://www.googleapis.com/auth/userinfo.email, SCOPE_https://www.googleapis.com/auth/userinfo.profile, SCOPE_https://www.googleapis.com/auth/youtube.readonly, SCOPE_https://www.googleapis.com/auth/yt-analytics.readonly, SCOPE_openid]], User Attributes: [{at_hash=E3SZQsNBjk_JBVxa0f6C6Q, sub=111566130800361051860, email_verified=true, iss=https://accounts.google.com, given_name=이재원(학부생-소프트웨어전공), nonce=7gS9tTfGudM56crSaL4qBxQb0l6TriQ87EvvXFs-R6M, picture=https://lh3.googleusercontent.com/a/ACg8ocJPTvGhXHSHsQ9S4dn4Iv8oGH7AZJlAIp4gVXPVw208SWmVvw=s96-c, aud=[975512123082-lv8mlq2sgj858vehae8n82fie1n70pil.apps.googleusercontent.com], azp=975512123082-lv8mlq2sgj858vehae8n82fie1n70pil.apps.googleusercontent.com, name=‍이재원(학부생-소프트웨어전공), hd=kookmin.ac.kr, exp=2026-05-13T14:59:15Z, family_name=‍, iat=2026-05-13T13:59:15Z, email=2wodnjs7@kookmin.ac.kr}], Credentials=[PROTECTED], Authenticated=true, Details=WebAuthenticationDetails [RemoteIpAddress=121.161.80.37, SessionId=B1EFA5078DAC8D6C892E239D6EF65A5B], Granted Authorities=[OIDC_USER, SCOPE_https://www.googleapis.com/auth/userinfo.email, SCOPE_https://www.googleapis.com/auth/userinfo.profile, SCOPE_https://www.googleapis.com/auth/youtube.readonly, SCOPE_https://www.googleapis.com/auth/yt-analytics.readonly, SCOPE_openid]]]
2026-05-13 14:00:07.690 DEBUG [http-nio-8080-exec-10] o.s.s.w.a.s.ChangeSessionIdAuthenticationStrategy - Changed session id from A8AE5C96E6407EFB1A4FD7792103A00A
2026-05-13 14:00:07.690 DEBUG [http-nio-8080-exec-10] o.s.s.w.c.HttpSessionSecurityContextRepository - Stored SecurityContextImpl [Authentication=OAuth2AuthenticationToken [Principal=Name: [111566130800361051860], Granted Authorities: [[OIDC_USER, SCOPE_https://www.googleapis.com/auth/userinfo.email, SCOPE_https://www.googleapis.com/auth/userinfo.profile, SCOPE_https://www.googleapis.com/auth/youtube.readonly, SCOPE_https://www.googleapis.com/auth/yt-analytics.readonly, SCOPE_openid]], User Attributes: [{at_hash=IZ3Zozu6Eeta32KeZonm5g, sub=111566130800361051860, email_verified=true, iss=https://accounts.google.com, given_name=이재원(학부생-소프트웨어전공), nonce=7AEeqNzzF6TfazF7a9lZHqm6YhQPjBnXnW51vWU4GJg, picture=https://lh3.googleusercontent.com/a/ACg8ocJPTvGhXHSHsQ9S4dn4Iv8oGH7AZJlAIp4gVXPVw208SWmVvw=s96-c, aud=[975512123082-lv8mlq2sgj858vehae8n82fie1n70pil.apps.googleusercontent.com], azp=975512123082-lv8mlq2sgj858vehae8n82fie1n70pil.apps.googleusercontent.com, name=‍이재원(학부생-소프트웨어전공), hd=kookmin.ac.kr, exp=2026-05-13T15:00:07Z, family_name=‍, iat=2026-05-13T14:00:07Z, email=2wodnjs7@kookmin.ac.kr}], Credentials=[PROTECTED], Authenticated=true, Details=WebAuthenticationDetails [RemoteIpAddress=121.161.80.37, SessionId=A8AE5C96E6407EFB1A4FD7792103A00A], Granted Authorities=[OIDC_USER, SCOPE_https://www.googleapis.com/auth/userinfo.email, SCOPE_https://www.googleapis.com/auth/userinfo.profile, SCOPE_https://www.googleapis.com/auth/youtube.readonly, SCOPE_https://www.googleapis.com/auth/yt-analytics.readonly, SCOPE_openid]]] to HttpSession [org.apache.catalina.session.StandardSessionFacade@24dd8981]
2026-05-13 14:00:07.690 DEBUG [http-nio-8080-exec-10] o.s.s.o.c.w.OAuth2LoginAuthenticationFilter - Set SecurityContextHolder to OAuth2AuthenticationToken [Principal=Name: [111566130800361051860], Granted Authorities: [[OIDC_USER, SCOPE_https://www.googleapis.com/auth/userinfo.email, SCOPE_https://www.googleapis.com/auth/userinfo.profile, SCOPE_https://www.googleapis.com/auth/youtube.readonly, SCOPE_https://www.googleapis.com/auth/yt-analytics.readonly, SCOPE_openid]], User Attributes: [{at_hash=IZ3Zozu6Eeta32KeZonm5g, sub=111566130800361051860, email_verified=true, iss=https://accounts.google.com, given_name=이재원(학부생-소프트웨어전공), nonce=7AEeqNzzF6TfazF7a9lZHqm6YhQPjBnXnW51vWU4GJg, picture=https://lh3.googleusercontent.com/a/ACg8ocJPTvGhXHSHsQ9S4dn4Iv8oGH7AZJlAIp4gVXPVw208SWmVvw=s96-c, aud=[975512123082-lv8mlq2sgj858vehae8n82fie1n70pil.apps.googleusercontent.com], azp=975512123082-lv8mlq2sgj858vehae8n82fie1n70pil.apps.googleusercontent.com, name=‍이재원(학부생-소프트웨어전공), hd=kookmin.ac.kr, exp=2026-05-13T15:00:07Z, family_name=‍, iat=2026-05-13T14:00:07Z, email=2wodnjs7@kookmin.ac.kr}], Credentials=[PROTECTED], Authenticated=true, Details=WebAuthenticationDetails [RemoteIpAddress=121.161.80.37, SessionId=A8AE5C96E6407EFB1A4FD7792103A00A], Granted Authorities=[OIDC_USER, SCOPE_https://www.googleapis.com/auth/userinfo.email, SCOPE_https://www.googleapis.com/auth/userinfo.profile, SCOPE_https://www.googleapis.com/auth/youtube.readonly, SCOPE_https://www.googleapis.com/auth/yt-analytics.readonly, SCOPE_openid]]
2026-05-13 14:00:07.691 INFO  [http-nio-8080-exec-10] c.c.c.security.OAuth2SuccessHandler - OAuth2 로그인 성공 - principalName: 111566130800361051860
2026-05-13 14:00:07.691 INFO  [http-nio-8080-exec-10] c.c.c.security.OAuth2SuccessHandler - accessToken 획득 완료, refreshToken: 있음
2026-05-13 14:00:07.695 INFO  [http-nio-8080-exec-10] c.c.c.security.OAuth2SuccessHandler - 유저 조회/생성 완료 - userId: 2
2026-05-13 14:00:07.826 INFO  [http-nio-8080-exec-10] c.c.c.security.OAuth2SuccessHandler - JWT 발급 완료, 리다이렉트: http://54.87.30.107:5173/oauth-callback
2026-05-13 14:00:07.826 DEBUG [http-nio-8080-exec-10] o.s.s.web.DefaultRedirectStrategy - Redirecting to http://54.87.30.107:5173/oauth-callback?token=eyJhbGciOiJIUzM4NCJ9.eyJzdWIiOiIyIiwiaWF0IjoxNzc4NjgwODA3LCJleHAiOjE3Nzg3NjcyMDd9.SAbdc9WEeT8R39H1U-rPNGx6dqwcXQLspb12fIv8siVT1VY6pojJT34lyIsLXza_&channelName=%E2%80%8D%EC%9D%B4%EC%9E%AC%EC%9B%90%28%ED%95%99%EB%B6%80%EC%83%9D-%EC%86%8C%ED%94%84%ED%8A%B8%EC%9B%A8%EC%96%B4%EC%A0%84%EA%B3%B5%29&channelUrl=https%3A%2F%2Fwww.youtube.com%2Fchannel%2FUCrUMlWBN_tSUlaoHQmsR-SA
2026-05-13 14:00:22.507 DEBUG [http-nio-8080-exec-1] o.s.security.web.FilterChainProxy - Securing GET /oauth2/authorization/google
2026-05-13 14:00:22.508 DEBUG [http-nio-8080-exec-1] o.s.s.web.DefaultRedirectStrategy - Redirecting to https://accounts.google.com/o/oauth2/v2/auth?access_type=offline&prompt=consent&response_type=code&client_id=975512123082-lv8mlq2sgj858vehae8n82fie1n70pil.apps.googleusercontent.com&scope=openid%20email%20profile%20https://www.googleapis.com/auth/youtube.readonly%20https://www.googleapis.com/auth/yt-analytics.readonly&state=GfG9vhmi6JNpEnhjQ0CMpxudNSngEsPJ0D27M1L_Z0w%3D&redirect_uri=http://54.87.30.107.nip.io:8080/login/oauth2/code/google&nonce=QvVhmgIGHFDRASuA4j5po806O3nQOx67egqQpRTIxAE&code_challenge=80Kc4hA0ROngCJ-cnHItCWNxN54v05IWcHA5lMf_3MM&code_challenge_method=S256
2026-05-13 14:00:38.956 DEBUG [http-nio-8080-exec-2] o.s.security.web.FilterChainProxy - Securing GET /login/oauth2/code/google?state=GfG9vhmi6JNpEnhjQ0CMpxudNSngEsPJ0D27M1L_Z0w%3D&iss=https://accounts.google.com&code=4/0AeoWuM_NGiLj5PLl1MC4XcdoNc_nGKQus9BHgWeY61MBdWicX1uPWDI7tAbeOR91BY7TFw&scope=email%20profile%20https://www.googleapis.com/auth/youtube.readonly%20https://www.googleapis.com/auth/yt-analytics.readonly%20https://www.googleapis.com/auth/userinfo.profile%20https://www.googleapis.com/auth/userinfo.email%20openid&authuser=1&hd=kookmin.ac.kr&prompt=consent
2026-05-13 14:00:39.062 DEBUG [http-nio-8080-exec-2] o.s.s.o.j.NimbusJwtDecoder$RestTemplateWithNimbusDefaultTimeouts - HTTP GET https://www.googleapis.com/oauth2/v3/certs
2026-05-13 14:00:39.063 DEBUG [http-nio-8080-exec-2] o.s.s.o.j.NimbusJwtDecoder$RestTemplateWithNimbusDefaultTimeouts - Accept=[text/plain, application/json, application/yaml, application/*+json, */*]
2026-05-13 14:00:39.080 DEBUG [http-nio-8080-exec-2] o.s.s.o.j.NimbusJwtDecoder$RestTemplateWithNimbusDefaultTimeouts - Response 200 OK
2026-05-13 14:00:39.080 DEBUG [http-nio-8080-exec-2] o.s.s.o.j.NimbusJwtDecoder$RestTemplateWithNimbusDefaultTimeouts - Reading to [java.lang.String] as "application/json;charset=UTF-8"
2026-05-13 14:00:39.160 DEBUG [http-nio-8080-exec-2] o.s.s.w.c.HttpSessionSecurityContextRepository - Retrieved SecurityContextImpl [Authentication=OAuth2AuthenticationToken [Principal=Name: [111566130800361051860], Granted Authorities: [[OIDC_USER, SCOPE_https://www.googleapis.com/auth/userinfo.email, SCOPE_https://www.googleapis.com/auth/userinfo.profile, SCOPE_https://www.googleapis.com/auth/youtube.readonly, SCOPE_https://www.googleapis.com/auth/yt-analytics.readonly, SCOPE_openid]], User Attributes: [{at_hash=IZ3Zozu6Eeta32KeZonm5g, sub=111566130800361051860, email_verified=true, iss=https://accounts.google.com, given_name=이재원(학부생-소프트웨어전공), nonce=7AEeqNzzF6TfazF7a9lZHqm6YhQPjBnXnW51vWU4GJg, picture=https://lh3.googleusercontent.com/a/ACg8ocJPTvGhXHSHsQ9S4dn4Iv8oGH7AZJlAIp4gVXPVw208SWmVvw=s96-c, aud=[975512123082-lv8mlq2sgj858vehae8n82fie1n70pil.apps.googleusercontent.com], azp=975512123082-lv8mlq2sgj858vehae8n82fie1n70pil.apps.googleusercontent.com, name=‍이재원(학부생-소프트웨어전공), hd=kookmin.ac.kr, exp=2026-05-13T15:00:07Z, family_name=‍, iat=2026-05-13T14:00:07Z, email=2wodnjs7@kookmin.ac.kr}], Credentials=[PROTECTED], Authenticated=true, Details=WebAuthenticationDetails [RemoteIpAddress=121.161.80.37, SessionId=A8AE5C96E6407EFB1A4FD7792103A00A], Granted Authorities=[OIDC_USER, SCOPE_https://www.googleapis.com/auth/userinfo.email, SCOPE_https://www.googleapis.com/auth/userinfo.profile, SCOPE_https://www.googleapis.com/auth/youtube.readonly, SCOPE_https://www.googleapis.com/auth/yt-analytics.readonly, SCOPE_openid]]]
2026-05-13 14:00:39.161 DEBUG [http-nio-8080-exec-2] o.s.s.w.a.s.ChangeSessionIdAuthenticationStrategy - Changed session id from 7118571AF5FFAF825B0C80710728A9BA
2026-05-13 14:00:39.161 DEBUG [http-nio-8080-exec-2] o.s.s.w.c.HttpSessionSecurityContextRepository - Stored SecurityContextImpl [Authentication=OAuth2AuthenticationToken [Principal=Name: [111566130800361051860], Granted Authorities: [[OIDC_USER, SCOPE_https://www.googleapis.com/auth/userinfo.email, SCOPE_https://www.googleapis.com/auth/userinfo.profile, SCOPE_https://www.googleapis.com/auth/youtube.readonly, SCOPE_https://www.googleapis.com/auth/yt-analytics.readonly, SCOPE_openid]], User Attributes: [{at_hash=-yr5y6uZBWQ6OWQz0oizRA, sub=111566130800361051860, email_verified=true, iss=https://accounts.google.com, given_name=이재원(학부생-소프트웨어전공), nonce=QvVhmgIGHFDRASuA4j5po806O3nQOx67egqQpRTIxAE, picture=https://lh3.googleusercontent.com/a/ACg8ocJPTvGhXHSHsQ9S4dn4Iv8oGH7AZJlAIp4gVXPVw208SWmVvw=s96-c, aud=[975512123082-lv8mlq2sgj858vehae8n82fie1n70pil.apps.googleusercontent.com], azp=975512123082-lv8mlq2sgj858vehae8n82fie1n70pil.apps.googleusercontent.com, name=‍이재원(학부생-소프트웨어전공), hd=kookmin.ac.kr, exp=2026-05-13T15:00:39Z, family_name=‍, iat=2026-05-13T14:00:39Z, email=2wodnjs7@kookmin.ac.kr}], Credentials=[PROTECTED], Authenticated=true, Details=WebAuthenticationDetails [RemoteIpAddress=121.161.80.37, SessionId=7118571AF5FFAF825B0C80710728A9BA], Granted Authorities=[OIDC_USER, SCOPE_https://www.googleapis.com/auth/userinfo.email, SCOPE_https://www.googleapis.com/auth/userinfo.profile, SCOPE_https://www.googleapis.com/auth/youtube.readonly, SCOPE_https://www.googleapis.com/auth/yt-analytics.readonly, SCOPE_openid]]] to HttpSession [org.apache.catalina.session.StandardSessionFacade@24dd8981]
2026-05-13 14:00:39.161 DEBUG [http-nio-8080-exec-2] o.s.s.o.c.w.OAuth2LoginAuthenticationFilter - Set SecurityContextHolder to OAuth2AuthenticationToken [Principal=Name: [111566130800361051860], Granted Authorities: [[OIDC_USER, SCOPE_https://www.googleapis.com/auth/userinfo.email, SCOPE_https://www.googleapis.com/auth/userinfo.profile, SCOPE_https://www.googleapis.com/auth/youtube.readonly, SCOPE_https://www.googleapis.com/auth/yt-analytics.readonly, SCOPE_openid]], User Attributes: [{at_hash=-yr5y6uZBWQ6OWQz0oizRA, sub=111566130800361051860, email_verified=true, iss=https://accounts.google.com, given_name=이재원(학부생-소프트웨어전공), nonce=QvVhmgIGHFDRASuA4j5po806O3nQOx67egqQpRTIxAE, picture=https://lh3.googleusercontent.com/a/ACg8ocJPTvGhXHSHsQ9S4dn4Iv8oGH7AZJlAIp4gVXPVw208SWmVvw=s96-c, aud=[975512123082-lv8mlq2sgj858vehae8n82fie1n70pil.apps.googleusercontent.com], azp=975512123082-lv8mlq2sgj858vehae8n82fie1n70pil.apps.googleusercontent.com, name=‍이재원(학부생-소프트웨어전공), hd=kookmin.ac.kr, exp=2026-05-13T15:00:39Z, family_name=‍, iat=2026-05-13T14:00:39Z, email=2wodnjs7@kookmin.ac.kr}], Credentials=[PROTECTED], Authenticated=true, Details=WebAuthenticationDetails [RemoteIpAddress=121.161.80.37, SessionId=7118571AF5FFAF825B0C80710728A9BA], Granted Authorities=[OIDC_USER, SCOPE_https://www.googleapis.com/auth/userinfo.email, SCOPE_https://www.googleapis.com/auth/userinfo.profile, SCOPE_https://www.googleapis.com/auth/youtube.readonly, SCOPE_https://www.googleapis.com/auth/yt-analytics.readonly, SCOPE_openid]]
2026-05-13 14:00:39.162 INFO  [http-nio-8080-exec-2] c.c.c.security.OAuth2SuccessHandler - OAuth2 로그인 성공 - principalName: 111566130800361051860
2026-05-13 14:00:39.162 INFO  [http-nio-8080-exec-2] c.c.c.security.OAuth2SuccessHandler - accessToken 획득 완료, refreshToken: 있음
2026-05-13 14:00:39.166 INFO  [http-nio-8080-exec-2] c.c.c.security.OAuth2SuccessHandler - 유저 조회/생성 완료 - userId: 2
2026-05-13 14:00:39.301 INFO  [http-nio-8080-exec-2] c.c.c.security.OAuth2SuccessHandler - JWT 발급 완료, 리다이렉트: http://54.87.30.107:5173/oauth-callback
2026-05-13 14:00:39.302 DEBUG [http-nio-8080-exec-2] o.s.s.web.DefaultRedirectStrategy - Redirecting to http://54.87.30.107:5173/oauth-callback?token=eyJhbGciOiJIUzM4NCJ9.eyJzdWIiOiIyIiwiaWF0IjoxNzc4NjgwODM5LCJleHAiOjE3Nzg3NjcyMzl9.M9j-MKEClfeLWatCY5919OeUFDAjObo41EWlTD3z89r4LrQML2t4_DRDT9CxbT4E&channelName=%E2%80%8D%EC%9D%B4%EC%9E%AC%EC%9B%90%28%ED%95%99%EB%B6%80%EC%83%9D-%EC%86%8C%ED%94%84%ED%8A%B8%EC%9B%A8%EC%96%B4%EC%A0%84%EA%B3%B5%29&channelUrl=https%3A%2F%2Fwww.youtube.com%2Fchannel%2FUCrUMlWBN_tSUlaoHQmsR-SA
2026-05-13 14:02:49.958 DEBUG [http-nio-8080-exec-6] o.s.security.web.FilterChainProxy - Securing GET /login/oauth2/code/google
2026-05-13 14:02:49.959 DEBUG [http-nio-8080-exec-6] o.s.s.web.DefaultRedirectStrategy - Redirecting to /login?error
2026-05-13 14:02:50.154 DEBUG [http-nio-8080-exec-7] o.s.security.web.FilterChainProxy - Securing GET /login?error
2026-05-13 14:02:50.416 DEBUG [http-nio-8080-exec-5] o.s.security.web.FilterChainProxy - Securing GET /default-ui.css
2026-05-13 14:02:50.651 DEBUG [http-nio-8080-exec-8] o.s.security.web.FilterChainProxy - Securing GET /favicon.ico
2026-05-13 14:02:50.651 DEBUG [http-nio-8080-exec-8] o.s.s.w.a.AnonymousAuthenticationFilter - Set SecurityContextHolder to anonymous SecurityContext
2026-05-13 14:02:50.652 DEBUG [http-nio-8080-exec-8] o.s.s.w.a.DelegatingAuthenticationEntryPoint - Trying to match using And [Not [RequestHeaderRequestMatcher [expectedHeaderName=X-Requested-With, expectedHeaderValue=XMLHttpRequest]], Not [And [Or [PathPattern [/login], PathPattern [/favicon.ico]], And [Not [RequestHeaderRequestMatcher [expectedHeaderName=X-Requested-With, expectedHeaderValue=XMLHttpRequest]], MediaTypeRequestMatcher [contentNegotiationStrategy=org.springframework.web.accept.ContentNegotiationManager@7117e292, matchingMediaTypes=[application/xhtml+xml, image/*, text/html, text/plain], useEquals=false, ignoredMediaTypes=[*/*]]]]], org.springframework.security.config.annotation.web.configurers.oauth2.client.OAuth2LoginConfigurer$$Lambda$2538/0x00007ff2a0eb4aa0@6f71dd43]
2026-05-13 14:02:50.652 DEBUG [http-nio-8080-exec-8] o.s.s.w.a.DelegatingAuthenticationEntryPoint - No match found. Using default entry point org.springframework.security.web.authentication.LoginUrlAuthenticationEntryPoint@361de879
2026-05-13 14:02:50.652 DEBUG [http-nio-8080-exec-8] o.s.s.web.DefaultRedirectStrategy - Redirecting to /login
2026-05-13 14:02:50.846 DEBUG [http-nio-8080-exec-9] o.s.security.web.FilterChainProxy - Securing GET /login
2026-05-13 14:03:09.465 DEBUG [http-nio-8080-exec-10] o.s.security.web.FilterChainProxy - Securing GET /oauth2/authorization/google
2026-05-13 14:03:09.466 DEBUG [http-nio-8080-exec-10] o.s.s.web.DefaultRedirectStrategy - Redirecting to https://accounts.google.com/o/oauth2/v2/auth?access_type=offline&prompt=consent&response_type=code&client_id=975512123082-lv8mlq2sgj858vehae8n82fie1n70pil.apps.googleusercontent.com&scope=openid%20email%20profile%20https://www.googleapis.com/auth/youtube.readonly%20https://www.googleapis.com/auth/yt-analytics.readonly&state=mYtsdnujVidh5doCjtNMTMiIxXZPZm5rxnU-ygwx5o4%3D&redirect_uri=http://54.87.30.107.nip.io:8080/login/oauth2/code/google&nonce=YKSA040r8sHQoIsBiV7CQLmk3Pw5qEbA5cOVZhfDk28&code_challenge=9-I3FQ0P53PwOg74lACNxliq__-pvMa9fjg8iizp5wA&code_challenge_method=S256
2026-05-13 14:03:37.913 DEBUG [http-nio-8080-exec-3] o.s.security.web.FilterChainProxy - Securing GET /oauth2/authorization/google
2026-05-13 14:03:37.914 DEBUG [http-nio-8080-exec-3] o.s.s.web.DefaultRedirectStrategy - Redirecting to https://accounts.google.com/o/oauth2/v2/auth?access_type=offline&prompt=consent&response_type=code&client_id=975512123082-lv8mlq2sgj858vehae8n82fie1n70pil.apps.googleusercontent.com&scope=openid%20email%20profile%20https://www.googleapis.com/auth/youtube.readonly%20https://www.googleapis.com/auth/yt-analytics.readonly&state=07lSoHouB2_xdkL5RAd6COkLgzc1rRbfBTNhR4gnJSw%3D&redirect_uri=http://54.87.30.107.nip.io:8080/login/oauth2/code/google&nonce=JLNY4B0i0L2X9Ekj0wuO8pMQLc7LRzkoePYF3bPKx08&code_challenge=wZC2_RevExuPx7SSO5o8jrVJQlqO5nDDunwWCO0nBnM&code_challenge_method=S256
2026-05-13 14:04:41.984 DEBUG [http-nio-8080-exec-7] o.s.security.web.FilterChainProxy - Securing GET /login/oauth2/code/google?state=07lSoHouB2_xdkL5RAd6COkLgzc1rRbfBTNhR4gnJSw%3D&iss=https://accounts.google.com&code=4/0AeoWuM_u97sLyrDA2kk0yvjZgFjOU6C2EowGwnJhCjLNe4d9e61n6OMqN1iNJlkbbXU6aw&scope=email%20profile%20https://www.googleapis.com/auth/youtube.readonly%20https://www.googleapis.com/auth/yt-analytics.readonly%20https://www.googleapis.com/auth/userinfo.profile%20https://www.googleapis.com/auth/userinfo.email%20openid&authuser=1&hd=kookmin.ac.kr&prompt=consent
2026-05-13 14:04:42.096 DEBUG [http-nio-8080-exec-7] o.s.s.o.j.NimbusJwtDecoder$RestTemplateWithNimbusDefaultTimeouts - HTTP GET https://www.googleapis.com/oauth2/v3/certs
2026-05-13 14:04:42.096 DEBUG [http-nio-8080-exec-7] o.s.s.o.j.NimbusJwtDecoder$RestTemplateWithNimbusDefaultTimeouts - Accept=[text/plain, application/json, application/yaml, application/*+json, */*]
2026-05-13 14:04:42.116 DEBUG [http-nio-8080-exec-7] o.s.s.o.j.NimbusJwtDecoder$RestTemplateWithNimbusDefaultTimeouts - Response 200 OK
2026-05-13 14:04:42.117 DEBUG [http-nio-8080-exec-7] o.s.s.o.j.NimbusJwtDecoder$RestTemplateWithNimbusDefaultTimeouts - Reading to [java.lang.String] as "application/json;charset=UTF-8"
2026-05-13 14:04:42.179 DEBUG [http-nio-8080-exec-7] o.s.s.w.c.HttpSessionSecurityContextRepository - Retrieved SecurityContextImpl [Authentication=OAuth2AuthenticationToken [Principal=Name: [111566130800361051860], Granted Authorities: [[OIDC_USER, SCOPE_https://www.googleapis.com/auth/userinfo.email, SCOPE_https://www.googleapis.com/auth/userinfo.profile, SCOPE_https://www.googleapis.com/auth/youtube.readonly, SCOPE_https://www.googleapis.com/auth/yt-analytics.readonly, SCOPE_openid]], User Attributes: [{at_hash=-yr5y6uZBWQ6OWQz0oizRA, sub=111566130800361051860, email_verified=true, iss=https://accounts.google.com, given_name=이재원(학부생-소프트웨어전공), nonce=QvVhmgIGHFDRASuA4j5po806O3nQOx67egqQpRTIxAE, picture=https://lh3.googleusercontent.com/a/ACg8ocJPTvGhXHSHsQ9S4dn4Iv8oGH7AZJlAIp4gVXPVw208SWmVvw=s96-c, aud=[975512123082-lv8mlq2sgj858vehae8n82fie1n70pil.apps.googleusercontent.com], azp=975512123082-lv8mlq2sgj858vehae8n82fie1n70pil.apps.googleusercontent.com, name=‍이재원(학부생-소프트웨어전공), hd=kookmin.ac.kr, exp=2026-05-13T15:00:39Z, family_name=‍, iat=2026-05-13T14:00:39Z, email=2wodnjs7@kookmin.ac.kr}], Credentials=[PROTECTED], Authenticated=true, Details=WebAuthenticationDetails [RemoteIpAddress=121.161.80.37, SessionId=7118571AF5FFAF825B0C80710728A9BA], Granted Authorities=[OIDC_USER, SCOPE_https://www.googleapis.com/auth/userinfo.email, SCOPE_https://www.googleapis.com/auth/userinfo.profile, SCOPE_https://www.googleapis.com/auth/youtube.readonly, SCOPE_https://www.googleapis.com/auth/yt-analytics.readonly, SCOPE_openid]]]
2026-05-13 14:04:42.179 DEBUG [http-nio-8080-exec-7] o.s.s.w.a.s.ChangeSessionIdAuthenticationStrategy - Changed session id from D7681D69B95FE3F58C331CFCD12B3794
2026-05-13 14:04:42.180 DEBUG [http-nio-8080-exec-7] o.s.s.w.c.HttpSessionSecurityContextRepository - Stored SecurityContextImpl [Authentication=OAuth2AuthenticationToken [Principal=Name: [111566130800361051860], Granted Authorities: [[OIDC_USER, SCOPE_https://www.googleapis.com/auth/userinfo.email, SCOPE_https://www.googleapis.com/auth/userinfo.profile, SCOPE_https://www.googleapis.com/auth/youtube.readonly, SCOPE_https://www.googleapis.com/auth/yt-analytics.readonly, SCOPE_openid]], User Attributes: [{at_hash=uz-nNIVejm4hTupOF9mzYQ, sub=111566130800361051860, email_verified=true, iss=https://accounts.google.com, given_name=이재원(학부생-소프트웨어전공), nonce=JLNY4B0i0L2X9Ekj0wuO8pMQLc7LRzkoePYF3bPKx08, picture=https://lh3.googleusercontent.com/a/ACg8ocJPTvGhXHSHsQ9S4dn4Iv8oGH7AZJlAIp4gVXPVw208SWmVvw=s96-c, aud=[975512123082-lv8mlq2sgj858vehae8n82fie1n70pil.apps.googleusercontent.com], azp=975512123082-lv8mlq2sgj858vehae8n82fie1n70pil.apps.googleusercontent.com, name=‍이재원(학부생-소프트웨어전공), hd=kookmin.ac.kr, exp=2026-05-13T15:04:42Z, family_name=‍, iat=2026-05-13T14:04:42Z, email=2wodnjs7@kookmin.ac.kr}], Credentials=[PROTECTED], Authenticated=true, Details=WebAuthenticationDetails [RemoteIpAddress=121.161.80.37, SessionId=D7681D69B95FE3F58C331CFCD12B3794], Granted Authorities=[OIDC_USER, SCOPE_https://www.googleapis.com/auth/userinfo.email, SCOPE_https://www.googleapis.com/auth/userinfo.profile, SCOPE_https://www.googleapis.com/auth/youtube.readonly, SCOPE_https://www.googleapis.com/auth/yt-analytics.readonly, SCOPE_openid]]] to HttpSession [org.apache.catalina.session.StandardSessionFacade@24dd8981]
2026-05-13 14:04:42.181 DEBUG [http-nio-8080-exec-7] o.s.s.o.c.w.OAuth2LoginAuthenticationFilter - Set SecurityContextHolder to OAuth2AuthenticationToken [Principal=Name: [111566130800361051860], Granted Authorities: [[OIDC_USER, SCOPE_https://www.googleapis.com/auth/userinfo.email, SCOPE_https://www.googleapis.com/auth/userinfo.profile, SCOPE_https://www.googleapis.com/auth/youtube.readonly, SCOPE_https://www.googleapis.com/auth/yt-analytics.readonly, SCOPE_openid]], User Attributes: [{at_hash=uz-nNIVejm4hTupOF9mzYQ, sub=111566130800361051860, email_verified=true, iss=https://accounts.google.com, given_name=이재원(학부생-소프트웨어전공), nonce=JLNY4B0i0L2X9Ekj0wuO8pMQLc7LRzkoePYF3bPKx08, picture=https://lh3.googleusercontent.com/a/ACg8ocJPTvGhXHSHsQ9S4dn4Iv8oGH7AZJlAIp4gVXPVw208SWmVvw=s96-c, aud=[975512123082-lv8mlq2sgj858vehae8n82fie1n70pil.apps.googleusercontent.com], azp=975512123082-lv8mlq2sgj858vehae8n82fie1n70pil.apps.googleusercontent.com, name=‍이재원(학부생-소프트웨어전공), hd=kookmin.ac.kr, exp=2026-05-13T15:04:42Z, family_name=‍, iat=2026-05-13T14:04:42Z, email=2wodnjs7@kookmin.ac.kr}], Credentials=[PROTECTED], Authenticated=true, Details=WebAuthenticationDetails [RemoteIpAddress=121.161.80.37, SessionId=D7681D69B95FE3F58C331CFCD12B3794], Granted Authorities=[OIDC_USER, SCOPE_https://www.googleapis.com/auth/userinfo.email, SCOPE_https://www.googleapis.com/auth/userinfo.profile, SCOPE_https://www.googleapis.com/auth/youtube.readonly, SCOPE_https://www.googleapis.com/auth/yt-analytics.readonly, SCOPE_openid]]
2026-05-13 14:04:42.181 INFO  [http-nio-8080-exec-7] c.c.c.security.OAuth2SuccessHandler - OAuth2 로그인 성공 - principalName: 111566130800361051860
2026-05-13 14:04:42.181 INFO  [http-nio-8080-exec-7] c.c.c.security.OAuth2SuccessHandler - accessToken 획득 완료, refreshToken: 있음
2026-05-13 14:04:42.184 INFO  [http-nio-8080-exec-7] c.c.c.security.OAuth2SuccessHandler - 유저 조회/생성 완료 - userId: 2
2026-05-13 14:04:42.310 INFO  [http-nio-8080-exec-7] c.c.c.security.OAuth2SuccessHandler - JWT 발급 완료, 리다이렉트: http://54.87.30.107:5173/oauth-callback
2026-05-13 14:04:42.310 DEBUG [http-nio-8080-exec-7] o.s.s.web.DefaultRedirectStrategy - Redirecting to http://54.87.30.107:5173/oauth-callback?token=eyJhbGciOiJIUzM4NCJ9.eyJzdWIiOiIyIiwiaWF0IjoxNzc4NjgxMDgyLCJleHAiOjE3Nzg3Njc0ODJ9.I4eSoTm7Q7bafW7DRBMKRaw7gnNqtkIrM6hNOXTCOi4PzbSG6FIEEiWSsu2IN9E3&channelName=%E2%80%8D%EC%9D%B4%EC%9E%AC%EC%9B%90%28%ED%95%99%EB%B6%80%EC%83%9D-%EC%86%8C%ED%94%84%ED%8A%B8%EC%9B%A8%EC%96%B4%EC%A0%84%EA%B3%B5%29&channelUrl=https%3A%2F%2Fwww.youtube.com%2Fchannel%2FUCrUMlWBN_tSUlaoHQmsR-SA
2026-05-13 14:09:22.502 DEBUG [http-nio-8080-exec-9] o.s.security.web.FilterChainProxy - Securing GET /oauth2/authorization/google
2026-05-13 14:09:22.503 DEBUG [http-nio-8080-exec-9] o.s.s.web.DefaultRedirectStrategy - Redirecting to https://accounts.google.com/o/oauth2/v2/auth?access_type=offline&prompt=consent&response_type=code&client_id=975512123082-lv8mlq2sgj858vehae8n82fie1n70pil.apps.googleusercontent.com&scope=openid%20email%20profile%20https://www.googleapis.com/auth/youtube.readonly%20https://www.googleapis.com/auth/yt-analytics.readonly&state=vwEcNeTrLDstHdGiaUmaJaNFA8feJW9ef3rFPNZt4wk%3D&redirect_uri=http://54.87.30.107.nip.io:8080/login/oauth2/code/google&nonce=w94QNkdk6ilfHvaiPWP2j82kjrF31dHE0VfCiVbqkvI&code_challenge=hAOJ26k1hTL66W4t_QZyY6Dx6T_ojB40JU3792zDupo&code_challenge_method=S256
2026-05-13 14:09:39.215 DEBUG [http-nio-8080-exec-10] o.s.security.web.FilterChainProxy - Securing GET /login/oauth2/code/google?state=vwEcNeTrLDstHdGiaUmaJaNFA8feJW9ef3rFPNZt4wk%3D&iss=https://accounts.google.com&code=4/0AeoWuM_uBiruQNVx24kmLdPwBk3zID_oN5WC98OxY8sD3IH2D7s2rgYZtlLkQM2FBb8_PQ&scope=email%20profile%20https://www.googleapis.com/auth/yt-analytics.readonly%20https://www.googleapis.com/auth/youtube.readonly%20https://www.googleapis.com/auth/userinfo.profile%20https://www.googleapis.com/auth/userinfo.email%20openid&authuser=0&prompt=consent
2026-05-13 14:09:39.355 DEBUG [http-nio-8080-exec-10] o.s.s.o.j.NimbusJwtDecoder$RestTemplateWithNimbusDefaultTimeouts - HTTP GET https://www.googleapis.com/oauth2/v3/certs
2026-05-13 14:09:39.355 DEBUG [http-nio-8080-exec-10] o.s.s.o.j.NimbusJwtDecoder$RestTemplateWithNimbusDefaultTimeouts - Accept=[text/plain, application/json, application/yaml, application/*+json, */*]
2026-05-13 14:09:39.373 DEBUG [http-nio-8080-exec-10] o.s.s.o.j.NimbusJwtDecoder$RestTemplateWithNimbusDefaultTimeouts - Response 200 OK
2026-05-13 14:09:39.373 DEBUG [http-nio-8080-exec-10] o.s.s.o.j.NimbusJwtDecoder$RestTemplateWithNimbusDefaultTimeouts - Reading to [java.lang.String] as "application/json;charset=UTF-8"
2026-05-13 14:09:39.427 DEBUG [http-nio-8080-exec-10] o.s.s.w.a.s.ChangeSessionIdAuthenticationStrategy - Changed session id from 642D64D78E331D89E2BB450A6ED63D3E
2026-05-13 14:09:39.428 DEBUG [http-nio-8080-exec-10] o.s.s.w.c.HttpSessionSecurityContextRepository - Stored SecurityContextImpl [Authentication=OAuth2AuthenticationToken [Principal=Name: [113281807914894475889], Granted Authorities: [[OIDC_USER, SCOPE_https://www.googleapis.com/auth/userinfo.email, SCOPE_https://www.googleapis.com/auth/userinfo.profile, SCOPE_https://www.googleapis.com/auth/youtube.readonly, SCOPE_https://www.googleapis.com/auth/yt-analytics.readonly, SCOPE_openid]], User Attributes: [{at_hash=OdLWbxRQCDpriEbDeSRpTg, sub=113281807914894475889, email_verified=true, iss=https://accounts.google.com, given_name=준현, nonce=w94QNkdk6ilfHvaiPWP2j82kjrF31dHE0VfCiVbqkvI, picture=https://lh3.googleusercontent.com/a/ACg8ocLbuRTFgeDIF0RAHbsaK5ISVWaXJSRmLDukZZ1n7JIuyCB3gA=s96-c, aud=[975512123082-lv8mlq2sgj858vehae8n82fie1n70pil.apps.googleusercontent.com], azp=975512123082-lv8mlq2sgj858vehae8n82fie1n70pil.apps.googleusercontent.com, name=백준현, exp=2026-05-13T15:09:39Z, family_name=백, iat=2026-05-13T14:09:39Z, email=mharuki527@gmail.com}], Credentials=[PROTECTED], Authenticated=true, Details=WebAuthenticationDetails [RemoteIpAddress=218.153.87.27, SessionId=642D64D78E331D89E2BB450A6ED63D3E], Granted Authorities=[OIDC_USER, SCOPE_https://www.googleapis.com/auth/userinfo.email, SCOPE_https://www.googleapis.com/auth/userinfo.profile, SCOPE_https://www.googleapis.com/auth/youtube.readonly, SCOPE_https://www.googleapis.com/auth/yt-analytics.readonly, SCOPE_openid]]] to HttpSession [org.apache.catalina.session.StandardSessionFacade@493ca942]
2026-05-13 14:09:39.428 DEBUG [http-nio-8080-exec-10] o.s.s.o.c.w.OAuth2LoginAuthenticationFilter - Set SecurityContextHolder to OAuth2AuthenticationToken [Principal=Name: [113281807914894475889], Granted Authorities: [[OIDC_USER, SCOPE_https://www.googleapis.com/auth/userinfo.email, SCOPE_https://www.googleapis.com/auth/userinfo.profile, SCOPE_https://www.googleapis.com/auth/youtube.readonly, SCOPE_https://www.googleapis.com/auth/yt-analytics.readonly, SCOPE_openid]], User Attributes: [{at_hash=OdLWbxRQCDpriEbDeSRpTg, sub=113281807914894475889, email_verified=true, iss=https://accounts.google.com, given_name=준현, nonce=w94QNkdk6ilfHvaiPWP2j82kjrF31dHE0VfCiVbqkvI, picture=https://lh3.googleusercontent.com/a/ACg8ocLbuRTFgeDIF0RAHbsaK5ISVWaXJSRmLDukZZ1n7JIuyCB3gA=s96-c, aud=[975512123082-lv8mlq2sgj858vehae8n82fie1n70pil.apps.googleusercontent.com], azp=975512123082-lv8mlq2sgj858vehae8n82fie1n70pil.apps.googleusercontent.com, name=백준현, exp=2026-05-13T15:09:39Z, family_name=백, iat=2026-05-13T14:09:39Z, email=mharuki527@gmail.com}], Credentials=[PROTECTED], Authenticated=true, Details=WebAuthenticationDetails [RemoteIpAddress=218.153.87.27, SessionId=642D64D78E331D89E2BB450A6ED63D3E], Granted Authorities=[OIDC_USER, SCOPE_https://www.googleapis.com/auth/userinfo.email, SCOPE_https://www.googleapis.com/auth/userinfo.profile, SCOPE_https://www.googleapis.com/auth/youtube.readonly, SCOPE_https://www.googleapis.com/auth/yt-analytics.readonly, SCOPE_openid]]
2026-05-13 14:09:39.428 INFO  [http-nio-8080-exec-10] c.c.c.security.OAuth2SuccessHandler - OAuth2 로그인 성공 - principalName: 113281807914894475889
2026-05-13 14:09:39.428 INFO  [http-nio-8080-exec-10] c.c.c.security.OAuth2SuccessHandler - accessToken 획득 완료, refreshToken: 있음
2026-05-13 14:09:39.431 INFO  [http-nio-8080-exec-10] c.c.c.security.OAuth2SuccessHandler - 유저 조회/생성 완료 - userId: 4
2026-05-13 14:09:39.579 INFO  [http-nio-8080-exec-10] c.c.c.security.OAuth2SuccessHandler - JWT 발급 완료, 리다이렉트: http://54.87.30.107:5173/oauth-callback
2026-05-13 14:09:39.579 DEBUG [http-nio-8080-exec-10] o.s.s.web.DefaultRedirectStrategy - Redirecting to http://54.87.30.107:5173/oauth-callback?token=eyJhbGciOiJIUzM4NCJ9.eyJzdWIiOiI0IiwiaWF0IjoxNzc4NjgxMzc5LCJleHAiOjE3Nzg3Njc3Nzl9.ZkpmQjwNBtStoYJt41VzIf4hxa5HpPneiwsVtlynMEIgYvG5X0vsF-SaXrQBfehO&channelName=%EB%B0%B1%EC%A4%80%ED%98%84&channelUrl=https%3A%2F%2Fwww.youtube.com%2Fchannel%2FUCvgEeaLH_gs3HKlOVNpIOrw
2026-05-13 14:10:50.232 DEBUG [http-nio-8080-exec-4] o.s.security.web.FilterChainProxy - Securing GET /oauth2/authorization/google
2026-05-13 14:10:50.233 DEBUG [http-nio-8080-exec-4] o.s.s.web.DefaultRedirectStrategy - Redirecting to https://accounts.google.com/o/oauth2/v2/auth?access_type=offline&prompt=consent&response_type=code&client_id=975512123082-lv8mlq2sgj858vehae8n82fie1n70pil.apps.googleusercontent.com&scope=openid%20email%20profile%20https://www.googleapis.com/auth/youtube.readonly%20https://www.googleapis.com/auth/yt-analytics.readonly&state=muL6FGqkZSskKyKgagCB2aiLv_-LPT-3wN18FjNjAx8%3D&redirect_uri=http://54.87.30.107.nip.io:8080/login/oauth2/code/google&nonce=16AjQmINI2MnjX6tqFY6ByAeSiuSCzqvU1RCFAK8I9U&code_challenge=u31jEXz3lJ_SQxeBgCCsi3nJji8QHyuUY8xn-y6HWdI&code_challenge_method=S256
2026-05-13 14:10:59.622 DEBUG [http-nio-8080-exec-6] o.s.security.web.FilterChainProxy - Securing GET /login/oauth2/code/google?state=muL6FGqkZSskKyKgagCB2aiLv_-LPT-3wN18FjNjAx8%3D&iss=https://accounts.google.com&code=4/0AeoWuM_r4Yr284tYsHdFGTTuoX_i1U_Y1ioH4JL6XHXHZ8VRSLhvpIWwp9j2_F63qHsasg&scope=email%20profile%20https://www.googleapis.com/auth/youtube.readonly%20https://www.googleapis.com/auth/yt-analytics.readonly%20https://www.googleapis.com/auth/userinfo.profile%20https://www.googleapis.com/auth/userinfo.email%20openid&authuser=0&prompt=consent
2026-05-13 14:10:59.750 DEBUG [http-nio-8080-exec-6] o.s.s.o.j.NimbusJwtDecoder$RestTemplateWithNimbusDefaultTimeouts - HTTP GET https://www.googleapis.com/oauth2/v3/certs
2026-05-13 14:10:59.751 DEBUG [http-nio-8080-exec-6] o.s.s.o.j.NimbusJwtDecoder$RestTemplateWithNimbusDefaultTimeouts - Accept=[text/plain, application/json, application/yaml, application/*+json, */*]
2026-05-13 14:10:59.767 DEBUG [http-nio-8080-exec-6] o.s.s.o.j.NimbusJwtDecoder$RestTemplateWithNimbusDefaultTimeouts - Response 200 OK
2026-05-13 14:10:59.767 DEBUG [http-nio-8080-exec-6] o.s.s.o.j.NimbusJwtDecoder$RestTemplateWithNimbusDefaultTimeouts - Reading to [java.lang.String] as "application/json;charset=UTF-8"
2026-05-13 14:10:59.831 DEBUG [http-nio-8080-exec-6] o.s.s.w.c.HttpSessionSecurityContextRepository - Retrieved SecurityContextImpl [Authentication=OAuth2AuthenticationToken [Principal=Name: [113281807914894475889], Granted Authorities: [[OIDC_USER, SCOPE_https://www.googleapis.com/auth/userinfo.email, SCOPE_https://www.googleapis.com/auth/userinfo.profile, SCOPE_https://www.googleapis.com/auth/youtube.readonly, SCOPE_https://www.googleapis.com/auth/yt-analytics.readonly, SCOPE_openid]], User Attributes: [{at_hash=OdLWbxRQCDpriEbDeSRpTg, sub=113281807914894475889, email_verified=true, iss=https://accounts.google.com, given_name=준현, nonce=w94QNkdk6ilfHvaiPWP2j82kjrF31dHE0VfCiVbqkvI, picture=https://lh3.googleusercontent.com/a/ACg8ocLbuRTFgeDIF0RAHbsaK5ISVWaXJSRmLDukZZ1n7JIuyCB3gA=s96-c, aud=[975512123082-lv8mlq2sgj858vehae8n82fie1n70pil.apps.googleusercontent.com], azp=975512123082-lv8mlq2sgj858vehae8n82fie1n70pil.apps.googleusercontent.com, name=백준현, exp=2026-05-13T15:09:39Z, family_name=백, iat=2026-05-13T14:09:39Z, email=mharuki527@gmail.com}], Credentials=[PROTECTED], Authenticated=true, Details=WebAuthenticationDetails [RemoteIpAddress=218.153.87.27, SessionId=642D64D78E331D89E2BB450A6ED63D3E], Granted Authorities=[OIDC_USER, SCOPE_https://www.googleapis.com/auth/userinfo.email, SCOPE_https://www.googleapis.com/auth/userinfo.profile, SCOPE_https://www.googleapis.com/auth/youtube.readonly, SCOPE_https://www.googleapis.com/auth/yt-analytics.readonly, SCOPE_openid]]]
2026-05-13 14:10:59.832 DEBUG [http-nio-8080-exec-6] o.s.s.w.a.s.ChangeSessionIdAuthenticationStrategy - Changed session id from 22ECF5826FE246BC1073E39C726373DB
2026-05-13 14:10:59.832 DEBUG [http-nio-8080-exec-6] o.s.s.w.c.HttpSessionSecurityContextRepository - Stored SecurityContextImpl [Authentication=OAuth2AuthenticationToken [Principal=Name: [113281807914894475889], Granted Authorities: [[OIDC_USER, SCOPE_https://www.googleapis.com/auth/userinfo.email, SCOPE_https://www.googleapis.com/auth/userinfo.profile, SCOPE_https://www.googleapis.com/auth/youtube.readonly, SCOPE_https://www.googleapis.com/auth/yt-analytics.readonly, SCOPE_openid]], User Attributes: [{at_hash=2MCUt8eh3Fl89LFl2ZBefQ, sub=113281807914894475889, email_verified=true, iss=https://accounts.google.com, given_name=준현, nonce=16AjQmINI2MnjX6tqFY6ByAeSiuSCzqvU1RCFAK8I9U, picture=https://lh3.googleusercontent.com/a/ACg8ocLbuRTFgeDIF0RAHbsaK5ISVWaXJSRmLDukZZ1n7JIuyCB3gA=s96-c, aud=[975512123082-lv8mlq2sgj858vehae8n82fie1n70pil.apps.googleusercontent.com], azp=975512123082-lv8mlq2sgj858vehae8n82fie1n70pil.apps.googleusercontent.com, name=백준현, exp=2026-05-13T15:10:59Z, family_name=백, iat=2026-05-13T14:10:59Z, email=mharuki527@gmail.com}], Credentials=[PROTECTED], Authenticated=true, Details=WebAuthenticationDetails [RemoteIpAddress=218.153.87.27, SessionId=22ECF5826FE246BC1073E39C726373DB], Granted Authorities=[OIDC_USER, SCOPE_https://www.googleapis.com/auth/userinfo.email, SCOPE_https://www.googleapis.com/auth/userinfo.profile, SCOPE_https://www.googleapis.com/auth/youtube.readonly, SCOPE_https://www.googleapis.com/auth/yt-analytics.readonly, SCOPE_openid]]] to HttpSession [org.apache.catalina.session.StandardSessionFacade@493ca942]
2026-05-13 14:10:59.832 DEBUG [http-nio-8080-exec-6] o.s.s.o.c.w.OAuth2LoginAuthenticationFilter - Set SecurityContextHolder to OAuth2AuthenticationToken [Principal=Name: [113281807914894475889], Granted Authorities: [[OIDC_USER, SCOPE_https://www.googleapis.com/auth/userinfo.email, SCOPE_https://www.googleapis.com/auth/userinfo.profile, SCOPE_https://www.googleapis.com/auth/youtube.readonly, SCOPE_https://www.googleapis.com/auth/yt-analytics.readonly, SCOPE_openid]], User Attributes: [{at_hash=2MCUt8eh3Fl89LFl2ZBefQ, sub=113281807914894475889, email_verified=true, iss=https://accounts.google.com, given_name=준현, nonce=16AjQmINI2MnjX6tqFY6ByAeSiuSCzqvU1RCFAK8I9U, picture=https://lh3.googleusercontent.com/a/ACg8ocLbuRTFgeDIF0RAHbsaK5ISVWaXJSRmLDukZZ1n7JIuyCB3gA=s96-c, aud=[975512123082-lv8mlq2sgj858vehae8n82fie1n70pil.apps.googleusercontent.com], azp=975512123082-lv8mlq2sgj858vehae8n82fie1n70pil.apps.googleusercontent.com, name=백준현, exp=2026-05-13T15:10:59Z, family_name=백, iat=2026-05-13T14:10:59Z, email=mharuki527@gmail.com}], Credentials=[PROTECTED], Authenticated=true, Details=WebAuthenticationDetails [RemoteIpAddress=218.153.87.27, SessionId=22ECF5826FE246BC1073E39C726373DB], Granted Authorities=[OIDC_USER, SCOPE_https://www.googleapis.com/auth/userinfo.email, SCOPE_https://www.googleapis.com/auth/userinfo.profile, SCOPE_https://www.googleapis.com/auth/youtube.readonly, SCOPE_https://www.googleapis.com/auth/yt-analytics.readonly, SCOPE_openid]]
2026-05-13 14:10:59.833 INFO  [http-nio-8080-exec-6] c.c.c.security.OAuth2SuccessHandler - OAuth2 로그인 성공 - principalName: 113281807914894475889
2026-05-13 14:10:59.833 INFO  [http-nio-8080-exec-6] c.c.c.security.OAuth2SuccessHandler - accessToken 획득 완료, refreshToken: 있음
2026-05-13 14:10:59.835 INFO  [http-nio-8080-exec-6] c.c.c.security.OAuth2SuccessHandler - 유저 조회/생성 완료 - userId: 4
2026-05-13 14:10:59.963 INFO  [http-nio-8080-exec-6] c.c.c.security.OAuth2SuccessHandler - JWT 발급 완료, 리다이렉트: http://54.87.30.107:5173/oauth-callback
2026-05-13 14:10:59.963 DEBUG [http-nio-8080-exec-6] o.s.s.web.DefaultRedirectStrategy - Redirecting to http://54.87.30.107:5173/oauth-callback?token=eyJhbGciOiJIUzM4NCJ9.eyJzdWIiOiI0IiwiaWF0IjoxNzc4NjgxNDU5LCJleHAiOjE3Nzg3Njc4NTl9.xra2ID1fQCmAYKsxr2PaCSX2EkoIPd6hMNOqLpbTNQ3HamvduUmqAQbUc0UC8wdl&channelName=%EB%B0%B1%EC%A4%80%ED%98%84&channelUrl=https%3A%2F%2Fwww.youtube.com%2Fchannel%2FUCvgEeaLH_gs3HKlOVNpIOrw
2026-05-13 14:12:31.333 DEBUG [http-nio-8080-exec-5] o.s.security.web.FilterChainProxy - Securing GET /oauth2/authorization/google
2026-05-13 14:12:31.334 DEBUG [http-nio-8080-exec-5] o.s.s.web.DefaultRedirectStrategy - Redirecting to https://accounts.google.com/o/oauth2/v2/auth?access_type=offline&prompt=consent&response_type=code&client_id=975512123082-lv8mlq2sgj858vehae8n82fie1n70pil.apps.googleusercontent.com&scope=openid%20email%20profile%20https://www.googleapis.com/auth/youtube.readonly%20https://www.googleapis.com/auth/yt-analytics.readonly&state=4P66cJCkjVbyVeG3wQbmAb6dJtJa1EjGkubk1PISELA%3D&redirect_uri=http://54.87.30.107.nip.io:8080/login/oauth2/code/google&nonce=fwllQbsS-vUepjUif_ax51D1C3mGc7Yv9k8MjKWj6Uc&code_challenge=RkK94Ji9-0LIuwCSKjPwijk-q9oeDOxzcYOPxqnrn20&code_challenge_method=S256
2026-05-13 14:12:39.537 DEBUG [http-nio-8080-exec-9] o.s.security.web.FilterChainProxy - Securing GET /login/oauth2/code/google?error=access_denied&state=4P66cJCkjVbyVeG3wQbmAb6dJtJa1EjGkubk1PISELA%3D
2026-05-13 14:12:39.538 DEBUG [http-nio-8080-exec-9] o.s.s.authentication.ProviderManager - Authentication failed with provider OidcAuthorizationCodeAuthenticationProvider since [access_denied] 
2026-05-13 14:12:39.538 DEBUG [http-nio-8080-exec-9] o.s.s.a.DefaultAuthenticationEventPublisher - No event was found for the exception org.springframework.security.oauth2.core.OAuth2AuthenticationException
2026-05-13 14:12:39.538 DEBUG [http-nio-8080-exec-9] o.s.s.web.DefaultRedirectStrategy - Redirecting to /login?error
2026-05-13 14:12:39.733 DEBUG [http-nio-8080-exec-10] o.s.security.web.FilterChainProxy - Securing GET /login?error
2026-05-13 14:12:39.960 DEBUG [http-nio-8080-exec-1] o.s.security.web.FilterChainProxy - Securing GET /default-ui.css
2026-05-13 14:12:41.472 DEBUG [http-nio-8080-exec-2] o.s.security.web.FilterChainProxy - Securing GET /oauth2/authorization/google
2026-05-13 14:12:41.473 DEBUG [http-nio-8080-exec-2] o.s.s.web.DefaultRedirectStrategy - Redirecting to https://accounts.google.com/o/oauth2/v2/auth?access_type=offline&prompt=consent&response_type=code&client_id=975512123082-lv8mlq2sgj858vehae8n82fie1n70pil.apps.googleusercontent.com&scope=openid%20email%20profile%20https://www.googleapis.com/auth/youtube.readonly%20https://www.googleapis.com/auth/yt-analytics.readonly&state=5VOGPL2D00ACX_D4xnY6HC0vkoubpo-IxeRqAJytHK4%3D&redirect_uri=http://54.87.30.107.nip.io:8080/login/oauth2/code/google&nonce=iXr5HaXtqh316SIqpnnmLm4D-XriSWiSEsHpWjquAR4&code_challenge=LnVHijJgisvg7ZviSpJcDbMA4LUPGFvfYO843ze1t2o&code_challenge_method=S256
2026-05-13 14:12:52.063 DEBUG [http-nio-8080-exec-3] o.s.security.web.FilterChainProxy - Securing GET /login/oauth2/code/google?state=5VOGPL2D00ACX_D4xnY6HC0vkoubpo-IxeRqAJytHK4%3D&iss=https://accounts.google.com&code=4/0AeoWuM9mxxPqmJE9MGQbNNOug3ZD2A8wjU9TDJypQ8HqgVvO_l0MiSUdKJqn1KLlbRzKqQ&scope=email%20profile%20https://www.googleapis.com/auth/youtube.readonly%20https://www.googleapis.com/auth/yt-analytics.readonly%20https://www.googleapis.com/auth/userinfo.profile%20https://www.googleapis.com/auth/userinfo.email%20openid&authuser=1&hd=kookmin.ac.kr&prompt=consent
2026-05-13 14:12:52.160 DEBUG [http-nio-8080-exec-3] o.s.s.o.j.NimbusJwtDecoder$RestTemplateWithNimbusDefaultTimeouts - HTTP GET https://www.googleapis.com/oauth2/v3/certs
2026-05-13 14:12:52.161 DEBUG [http-nio-8080-exec-3] o.s.s.o.j.NimbusJwtDecoder$RestTemplateWithNimbusDefaultTimeouts - Accept=[text/plain, application/json, application/yaml, application/*+json, */*]
2026-05-13 14:12:52.173 DEBUG [http-nio-8080-exec-3] o.s.s.o.j.NimbusJwtDecoder$RestTemplateWithNimbusDefaultTimeouts - Response 200 OK
2026-05-13 14:12:52.173 DEBUG [http-nio-8080-exec-3] o.s.s.o.j.NimbusJwtDecoder$RestTemplateWithNimbusDefaultTimeouts - Reading to [java.lang.String] as "application/json;charset=UTF-8"
2026-05-13 14:12:52.235 DEBUG [http-nio-8080-exec-3] o.s.s.w.c.HttpSessionSecurityContextRepository - Retrieved SecurityContextImpl [Authentication=OAuth2AuthenticationToken [Principal=Name: [111566130800361051860], Granted Authorities: [[OIDC_USER, SCOPE_https://www.googleapis.com/auth/userinfo.email, SCOPE_https://www.googleapis.com/auth/userinfo.profile, SCOPE_https://www.googleapis.com/auth/youtube.readonly, SCOPE_https://www.googleapis.com/auth/yt-analytics.readonly, SCOPE_openid]], User Attributes: [{at_hash=uz-nNIVejm4hTupOF9mzYQ, sub=111566130800361051860, email_verified=true, iss=https://accounts.google.com, given_name=이재원(학부생-소프트웨어전공), nonce=JLNY4B0i0L2X9Ekj0wuO8pMQLc7LRzkoePYF3bPKx08, picture=https://lh3.googleusercontent.com/a/ACg8ocJPTvGhXHSHsQ9S4dn4Iv8oGH7AZJlAIp4gVXPVw208SWmVvw=s96-c, aud=[975512123082-lv8mlq2sgj858vehae8n82fie1n70pil.apps.googleusercontent.com], azp=975512123082-lv8mlq2sgj858vehae8n82fie1n70pil.apps.googleusercontent.com, name=‍이재원(학부생-소프트웨어전공), hd=kookmin.ac.kr, exp=2026-05-13T15:04:42Z, family_name=‍, iat=2026-05-13T14:04:42Z, email=2wodnjs7@kookmin.ac.kr}], Credentials=[PROTECTED], Authenticated=true, Details=WebAuthenticationDetails [RemoteIpAddress=121.161.80.37, SessionId=D7681D69B95FE3F58C331CFCD12B3794], Granted Authorities=[OIDC_USER, SCOPE_https://www.googleapis.com/auth/userinfo.email, SCOPE_https://www.googleapis.com/auth/userinfo.profile, SCOPE_https://www.googleapis.com/auth/youtube.readonly, SCOPE_https://www.googleapis.com/auth/yt-analytics.readonly, SCOPE_openid]]]
2026-05-13 14:12:52.235 DEBUG [http-nio-8080-exec-3] o.s.s.w.a.s.ChangeSessionIdAuthenticationStrategy - Changed session id from 060402551870635147F552639B5055AA
2026-05-13 14:12:52.236 DEBUG [http-nio-8080-exec-3] o.s.s.w.c.HttpSessionSecurityContextRepository - Stored SecurityContextImpl [Authentication=OAuth2AuthenticationToken [Principal=Name: [111566130800361051860], Granted Authorities: [[OIDC_USER, SCOPE_https://www.googleapis.com/auth/userinfo.email, SCOPE_https://www.googleapis.com/auth/userinfo.profile, SCOPE_https://www.googleapis.com/auth/youtube.readonly, SCOPE_https://www.googleapis.com/auth/yt-analytics.readonly, SCOPE_openid]], User Attributes: [{at_hash=ajqIAmYhFy3zugPuxz5wKg, sub=111566130800361051860, email_verified=true, iss=https://accounts.google.com, given_name=이재원(학부생-소프트웨어전공), nonce=iXr5HaXtqh316SIqpnnmLm4D-XriSWiSEsHpWjquAR4, picture=https://lh3.googleusercontent.com/a/ACg8ocJPTvGhXHSHsQ9S4dn4Iv8oGH7AZJlAIp4gVXPVw208SWmVvw=s96-c, aud=[975512123082-lv8mlq2sgj858vehae8n82fie1n70pil.apps.googleusercontent.com], azp=975512123082-lv8mlq2sgj858vehae8n82fie1n70pil.apps.googleusercontent.com, name=‍이재원(학부생-소프트웨어전공), hd=kookmin.ac.kr, exp=2026-05-13T15:12:52Z, family_name=‍, iat=2026-05-13T14:12:52Z, email=2wodnjs7@kookmin.ac.kr}], Credentials=[PROTECTED], Authenticated=true, Details=WebAuthenticationDetails [RemoteIpAddress=121.161.80.37, SessionId=060402551870635147F552639B5055AA], Granted Authorities=[OIDC_USER, SCOPE_https://www.googleapis.com/auth/userinfo.email, SCOPE_https://www.googleapis.com/auth/userinfo.profile, SCOPE_https://www.googleapis.com/auth/youtube.readonly, SCOPE_https://www.googleapis.com/auth/yt-analytics.readonly, SCOPE_openid]]] to HttpSession [org.apache.catalina.session.StandardSessionFacade@24dd8981]
2026-05-13 14:12:52.236 DEBUG [http-nio-8080-exec-3] o.s.s.o.c.w.OAuth2LoginAuthenticationFilter - Set SecurityContextHolder to OAuth2AuthenticationToken [Principal=Name: [111566130800361051860], Granted Authorities: [[OIDC_USER, SCOPE_https://www.googleapis.com/auth/userinfo.email, SCOPE_https://www.googleapis.com/auth/userinfo.profile, SCOPE_https://www.googleapis.com/auth/youtube.readonly, SCOPE_https://www.googleapis.com/auth/yt-analytics.readonly, SCOPE_openid]], User Attributes: [{at_hash=ajqIAmYhFy3zugPuxz5wKg, sub=111566130800361051860, email_verified=true, iss=https://accounts.google.com, given_name=이재원(학부생-소프트웨어전공), nonce=iXr5HaXtqh316SIqpnnmLm4D-XriSWiSEsHpWjquAR4, picture=https://lh3.googleusercontent.com/a/ACg8ocJPTvGhXHSHsQ9S4dn4Iv8oGH7AZJlAIp4gVXPVw208SWmVvw=s96-c, aud=[975512123082-lv8mlq2sgj858vehae8n82fie1n70pil.apps.googleusercontent.com], azp=975512123082-lv8mlq2sgj858vehae8n82fie1n70pil.apps.googleusercontent.com, name=‍이재원(학부생-소프트웨어전공), hd=kookmin.ac.kr, exp=2026-05-13T15:12:52Z, family_name=‍, iat=2026-05-13T14:12:52Z, email=2wodnjs7@kookmin.ac.kr}], Credentials=[PROTECTED], Authenticated=true, Details=WebAuthenticationDetails [RemoteIpAddress=121.161.80.37, SessionId=060402551870635147F552639B5055AA], Granted Authorities=[OIDC_USER, SCOPE_https://www.googleapis.com/auth/userinfo.email, SCOPE_https://www.googleapis.com/auth/userinfo.profile, SCOPE_https://www.googleapis.com/auth/youtube.readonly, SCOPE_https://www.googleapis.com/auth/yt-analytics.readonly, SCOPE_openid]]
2026-05-13 14:12:52.236 INFO  [http-nio-8080-exec-3] c.c.c.security.OAuth2SuccessHandler - OAuth2 로그인 성공 - principalName: 111566130800361051860
2026-05-13 14:12:52.236 INFO  [http-nio-8080-exec-3] c.c.c.security.OAuth2SuccessHandler - accessToken 획득 완료, refreshToken: 있음
2026-05-13 14:12:52.239 INFO  [http-nio-8080-exec-3] c.c.c.security.OAuth2SuccessHandler - 유저 조회/생성 완료 - userId: 2
2026-05-13 14:12:52.363 INFO  [http-nio-8080-exec-3] c.c.c.security.OAuth2SuccessHandler - JWT 발급 완료, 리다이렉트: http://54.87.30.107:5173/oauth-callback
2026-05-13 14:12:52.364 DEBUG [http-nio-8080-exec-3] o.s.s.web.DefaultRedirectStrategy - Redirecting to http://54.87.30.107:5173/oauth-callback?token=eyJhbGciOiJIUzM4NCJ9.eyJzdWIiOiIyIiwiaWF0IjoxNzc4NjgxNTcyLCJleHAiOjE3Nzg3Njc5NzJ9.qn0Y8KnJPRqRvTyjVBRavV8fzUWfZnMD-VLFgKr2uvQMID96no_lbYT5MNsFUOwR&channelName=%E2%80%8D%EC%9D%B4%EC%9E%AC%EC%9B%90%28%ED%95%99%EB%B6%80%EC%83%9D-%EC%86%8C%ED%94%84%ED%8A%B8%EC%9B%A8%EC%96%B4%EC%A0%84%EA%B3%B5%29&channelUrl=https%3A%2F%2Fwww.youtube.com%2Fchannel%2FUCrUMlWBN_tSUlaoHQmsR-SA
2026-05-13 14:13:07.301 DEBUG [http-nio-8080-exec-4] o.s.security.web.FilterChainProxy - Securing OPTIONS /analyze/channel?channel=https:%2F%2Fwww.youtube.com%2Fchannel%2FUCrUMlWBN_tSUlaoHQmsR-SA
2026-05-13 14:14:05.971 DEBUG [http-nio-8080-exec-8] o.s.security.web.FilterChainProxy - Securing GET /oauth2/authorization/google
2026-05-13 14:14:05.972 DEBUG [http-nio-8080-exec-8] o.s.s.web.DefaultRedirectStrategy - Redirecting to https://accounts.google.com/o/oauth2/v2/auth?access_type=offline&prompt=consent&response_type=code&client_id=975512123082-lv8mlq2sgj858vehae8n82fie1n70pil.apps.googleusercontent.com&scope=openid%20email%20profile%20https://www.googleapis.com/auth/youtube.readonly%20https://www.googleapis.com/auth/yt-analytics.readonly&state=RxylimtOIfcNGB1njt6soGHzt99q8HGRdQlOMbUuNYk%3D&redirect_uri=http://54.87.30.107.nip.io:8080/login/oauth2/code/google&nonce=bW5wrFm7KLaBf1t-jYfXP1Nljsbh4hsApWuMH09TCXU&code_challenge=6_4ozgFlkDehB2SiBB1qlAsQh_dZmyzZJ1ldupWTvfI&code_challenge_method=S256
2026-05-13 14:15:28.675 DEBUG [http-nio-8080-exec-1] o.s.security.web.FilterChainProxy - Securing OPTIONS /analyze/channel?channel=https:%2F%2Fwww.youtube.com%2Fchannel%2FUCrUMlWBN_tSUlaoHQmsR-SA
2026-05-13 14:16:53.686 DEBUG [http-nio-8080-exec-3] o.s.security.web.FilterChainProxy - Securing GET /analyze/channel?channel=https%3A%2F%2Fwww.youtube.com%2Fchannel%2FUCrUMlWBN_tSUlaoHQmsR-SA
2026-05-13 14:16:53.687 DEBUG [http-nio-8080-exec-3] o.s.s.w.a.AnonymousAuthenticationFilter - Set SecurityContextHolder to anonymous SecurityContext
2026-05-13 14:16:53.687 DEBUG [http-nio-8080-exec-3] o.s.security.web.FilterChainProxy - Secured GET /analyze/channel?channel=https%3A%2F%2Fwww.youtube.com%2Fchannel%2FUCrUMlWBN_tSUlaoHQmsR-SA
2026-05-13 14:17:30.553 INFO  [SpringApplicationShutdownHook] o.s.boot.tomcat.GracefulShutdown - Commencing graceful shutdown. Waiting for active requests to complete
2026-05-13 14:17:30.556 INFO  [tomcat-shutdown] o.s.boot.tomcat.GracefulShutdown - Graceful shutdown complete
2026-05-13 14:17:30.616 INFO  [SpringApplicationShutdownHook] o.s.o.j.LocalContainerEntityManagerFactoryBean - Closing JPA EntityManagerFactory for persistence unit 'default'
2026-05-13 14:17:30.628 INFO  [SpringApplicationShutdownHook] com.zaxxer.hikari.HikariDataSource - HikariPool-1 - Shutdown initiated...
2026-05-13 14:17:30.631 INFO  [SpringApplicationShutdownHook] com.zaxxer.hikari.HikariDataSource - HikariPool-1 - Shutdown completed.
