2026-05-13 11:41:22.537 INFO  [background-preinit] o.h.validator.internal.util.Version - HV000001: Hibernate Validator 9.0.1.Final
2026-05-13 11:41:22.599 INFO  [restartedMain] com.capstone.crit.CritApplication - Starting CritApplication using Java 17.0.18 with PID 25313 (/home/ec2-user/environment/crit-server/build/classes/java/main started by ec2-user in /home/ec2-user/environment/crit-server)
2026-05-13 11:41:22.600 INFO  [restartedMain] com.capstone.crit.CritApplication - The following 1 profile is active: "dev"
2026-05-13 11:41:22.680 INFO  [restartedMain] o.s.b.d.e.DevToolsPropertyDefaultsPostProcessor - Devtools property defaults active! Set 'spring.devtools.add-properties' to 'false' to disable
2026-05-13 11:41:22.681 INFO  [restartedMain] o.s.b.d.e.DevToolsPropertyDefaultsPostProcessor - For additional web related logging consider setting the 'logging.level.web' property to 'DEBUG'
2026-05-13 11:41:23.793 INFO  [restartedMain] o.s.d.r.c.RepositoryConfigurationDelegate - Bootstrapping Spring Data JPA repositories in DEFAULT mode.
2026-05-13 11:41:23.929 INFO  [restartedMain] o.s.d.r.c.RepositoryConfigurationDelegate - Finished Spring Data repository scanning in 127 ms. Found 6 JPA repository interfaces.
2026-05-13 11:41:24.474 INFO  [restartedMain] o.s.boot.tomcat.TomcatWebServer - Tomcat initialized with port 8080 (http)
2026-05-13 11:41:24.485 INFO  [restartedMain] o.a.coyote.http11.Http11NioProtocol - Initializing ProtocolHandler ["http-nio-8080"]
2026-05-13 11:41:24.487 INFO  [restartedMain] o.a.catalina.core.StandardService - Starting service [Tomcat]
2026-05-13 11:41:24.488 INFO  [restartedMain] o.a.catalina.core.StandardEngine - Starting Servlet engine: [Apache Tomcat/11.0.18]
2026-05-13 11:41:24.530 INFO  [restartedMain] o.s.b.w.c.s.WebApplicationContextInitializer - Root WebApplicationContext: initialization completed in 1847 ms
2026-05-13 11:41:24.732 INFO  [restartedMain] org.hibernate.orm.jpa - HHH008540: Processing PersistenceUnitInfo [name: default]
2026-05-13 11:41:24.781 INFO  [restartedMain] org.hibernate.orm.core - HHH000001: Hibernate ORM core version 7.2.4.Final
2026-05-13 11:41:25.232 INFO  [restartedMain] o.s.o.j.p.SpringPersistenceUnitInfo - No LoadTimeWeaver setup: ignoring JPA class transformer
2026-05-13 11:41:25.262 INFO  [restartedMain] com.zaxxer.hikari.HikariDataSource - HikariPool-1 - Starting...
2026-05-13 11:41:25.405 INFO  [restartedMain] com.zaxxer.hikari.pool.HikariPool - HikariPool-1 - Added connection com.mysql.cj.jdbc.ConnectionImpl@108da22c
2026-05-13 11:41:25.407 INFO  [restartedMain] com.zaxxer.hikari.HikariDataSource - HikariPool-1 - Start completed.
2026-05-13 11:41:25.505 INFO  [restartedMain] o.hibernate.orm.connections.pooling - HHH10001005: Database info:
	Database JDBC URL [jdbc:mysql://pj-kmucd1-08-db.cj24wem202yj.us-east-1.rds.amazonaws.com:3306/crit?useSSL=false&serverTimezone=Asia/Seoul&allowPublicKeyRetrieval=true]
	Database driver: MySQL Connector/J
	Database dialect: MySQLDialect
	Database version: 8.4.8
	Default catalog/schema: crit/undefined
	Autocommit mode: undefined/unknown
	Isolation level: REPEATABLE_READ [default REPEATABLE_READ]
	JDBC fetch size: none
	Pool: DataSourceConnectionProvider
	Minimum pool size: undefined/unknown
	Maximum pool size: undefined/unknown
2026-05-13 11:41:26.469 INFO  [restartedMain] org.hibernate.orm.core - HHH000489: No JTA platform available (set 'hibernate.transaction.jta.platform' to enable JTA platform integration)
2026-05-13 11:41:26.608 INFO  [restartedMain] o.s.o.j.LocalContainerEntityManagerFactoryBean - Initialized JPA EntityManagerFactory for persistence unit 'default'
2026-05-13 11:41:26.724 INFO  [restartedMain] o.s.d.j.r.q.QueryEnhancerFactories - Hibernate is in classpath; If applicable, HQL parser will be used.
2026-05-13 11:41:28.577 INFO  [restartedMain] c.c.c.s.PercentileScoringService - 백분위 테이블 로드 완료: 112개 그룹, 수집일: 2026-05-08T02:42:56.028785+00:00
2026-05-13 11:41:28.699 INFO  [restartedMain] c.c.c.s.TrendingKeywordsService - 트렌드 키워드 로드 완료 (3448bytes)
2026-05-13 11:41:28.736 WARN  [restartedMain] o.s.aop.framework.CglibAopProxy - Public final method [public final void org.springframework.security.oauth2.client.oidc.userinfo.OidcUserService.setOauth2UserService(org.springframework.security.oauth2.client.userinfo.OAuth2UserService)] cannot get proxied via CGLIB, consider removing the final marker or using interface-based JDK proxies.
2026-05-13 11:41:28.737 WARN  [restartedMain] o.s.aop.framework.CglibAopProxy - Public final method [public final void org.springframework.security.oauth2.client.oidc.userinfo.OidcUserService.setClaimTypeConverterFactory(java.util.function.Function)] cannot get proxied via CGLIB, consider removing the final marker or using interface-based JDK proxies.
2026-05-13 11:41:28.737 WARN  [restartedMain] o.s.aop.framework.CglibAopProxy - Public final method [public final void org.springframework.security.oauth2.client.oidc.userinfo.OidcUserService.setRetrieveUserInfo(java.util.function.Predicate)] cannot get proxied via CGLIB, consider removing the final marker or using interface-based JDK proxies.
2026-05-13 11:41:29.003 WARN  [restartedMain] o.s.b.j.a.JpaBaseConfiguration$JpaWebConfiguration - spring.jpa.open-in-view is enabled by default. Therefore, database queries may be performed during view rendering. Explicitly configure spring.jpa.open-in-view to disable this warning
2026-05-13 11:41:29.063 DEBUG [restartedMain] o.s.s.c.a.a.c.AuthenticationConfiguration$DefaultPasswordEncoderAuthenticationManagerBuilder - No authenticationProviders and no parentAuthenticationManager defined. Returning null.
2026-05-13 11:41:29.222 DEBUG [restartedMain] o.s.s.web.DefaultSecurityFilterChain - Will secure any request with filters: DisableEncodeUrlFilter, WebAsyncManagerIntegrationFilter, SecurityContextHolderFilter, HeaderWriterFilter, CorsFilter, LogoutFilter, OAuth2AuthorizationRequestRedirectFilter, OAuth2LoginAuthenticationFilter, JwtAuthenticationFilter, DefaultResourcesFilter, DefaultLoginPageGeneratingFilter, DefaultLogoutPageGeneratingFilter, RequestCacheAwareFilter, SecurityContextHolderAwareRequestFilter, AnonymousAuthenticationFilter, SessionManagementFilter, ExceptionTranslationFilter, AuthorizationFilter
2026-05-13 11:41:29.721 INFO  [restartedMain] o.a.coyote.http11.Http11NioProtocol - Starting ProtocolHandler ["http-nio-8080"]
2026-05-13 11:41:29.734 INFO  [restartedMain] o.s.boot.tomcat.TomcatWebServer - Tomcat started on port 8080 (http) with context path '/'
2026-05-13 11:41:29.745 INFO  [restartedMain] com.capstone.crit.CritApplication - Started CritApplication in 7.791 seconds (process running for 8.652)
2026-05-13 11:41:29.870 INFO  [scheduling-1] c.c.c.s.PercentileScoringService - 백분위 테이블 로드 완료: 112개 그룹, 수집일: 2026-05-08T02:42:56.028785+00:00
2026-05-13 11:41:29.927 INFO  [scheduling-1] c.c.c.s.TrendingKeywordsService - 트렌드 키워드 로드 완료 (3448bytes)
2026-05-13 11:41:46.982 INFO  [http-nio-8080-exec-1] o.a.c.c.C.[Tomcat].[localhost].[/] - Initializing Spring DispatcherServlet 'dispatcherServlet'
2026-05-13 11:41:46.983 INFO  [http-nio-8080-exec-1] o.s.web.servlet.DispatcherServlet - Initializing Servlet 'dispatcherServlet'
2026-05-13 11:41:46.985 INFO  [http-nio-8080-exec-1] o.s.web.servlet.DispatcherServlet - Completed initialization in 2 ms
2026-05-13 11:41:46.993 DEBUG [http-nio-8080-exec-1] o.s.security.web.FilterChainProxy - Securing OPTIONS /keywords
2026-05-13 11:41:47.211 DEBUG [http-nio-8080-exec-2] o.s.security.web.FilterChainProxy - Securing GET /keywords
2026-05-13 11:41:47.267 DEBUG [http-nio-8080-exec-2] o.s.s.w.a.AnonymousAuthenticationFilter - Set SecurityContextHolder to anonymous SecurityContext
2026-05-13 11:41:47.269 DEBUG [http-nio-8080-exec-2] o.s.security.web.FilterChainProxy - Secured GET /keywords
2026-05-13 11:42:53.304 DEBUG [http-nio-8080-exec-4] o.s.security.web.FilterChainProxy - Securing OPTIONS /analyze/channel?channel=https:%2F%2Fwww.youtube.com%2F%40CRiT
2026-05-13 11:42:53.509 DEBUG [http-nio-8080-exec-5] o.s.security.web.FilterChainProxy - Securing GET /analyze/channel?channel=https:%2F%2Fwww.youtube.com%2F%40CRiT
2026-05-13 11:42:53.511 DEBUG [http-nio-8080-exec-5] o.s.s.w.a.AnonymousAuthenticationFilter - Set SecurityContextHolder to anonymous SecurityContext
2026-05-13 11:42:53.512 DEBUG [http-nio-8080-exec-5] o.s.security.web.FilterChainProxy - Secured GET /analyze/channel?channel=https:%2F%2Fwww.youtube.com%2F%40CRiT
2026-05-13 11:47:07.865 DEBUG [http-nio-8080-exec-7] o.s.security.web.FilterChainProxy - Securing OPTIONS /analyze/channel?channel=https:%2F%2Fwww.youtube.com%2F%40CRiT
2026-05-13 11:47:08.060 DEBUG [http-nio-8080-exec-8] o.s.security.web.FilterChainProxy - Securing GET /analyze/channel?channel=https:%2F%2Fwww.youtube.com%2F%40CRiT
2026-05-13 11:47:08.062 DEBUG [http-nio-8080-exec-8] o.s.s.w.a.AnonymousAuthenticationFilter - Set SecurityContextHolder to anonymous SecurityContext
2026-05-13 11:47:08.062 DEBUG [http-nio-8080-exec-8] o.s.security.web.FilterChainProxy - Secured GET /analyze/channel?channel=https:%2F%2Fwww.youtube.com%2F%40CRiT
2026-05-13 12:04:19.467 DEBUG [http-nio-8080-exec-10] o.s.security.web.FilterChainProxy - Securing GET /login
2026-05-13 12:14:15.407 DEBUG [http-nio-8080-exec-2] o.s.security.web.FilterChainProxy - Securing GET /
2026-05-13 12:14:15.408 DEBUG [http-nio-8080-exec-2] o.s.s.w.a.AnonymousAuthenticationFilter - Set SecurityContextHolder to anonymous SecurityContext
2026-05-13 12:14:15.415 DEBUG [http-nio-8080-exec-2] o.s.s.w.s.HttpSessionRequestCache - Saved request http://54.87.30.107:8080/?continue to session
2026-05-13 12:14:15.418 DEBUG [http-nio-8080-exec-2] o.s.s.w.a.DelegatingAuthenticationEntryPoint - Trying to match using And [Not [RequestHeaderRequestMatcher [expectedHeaderName=X-Requested-With, expectedHeaderValue=XMLHttpRequest]], Not [And [Or [PathPattern [/login], PathPattern [/favicon.ico]], And [Not [RequestHeaderRequestMatcher [expectedHeaderName=X-Requested-With, expectedHeaderValue=XMLHttpRequest]], MediaTypeRequestMatcher [contentNegotiationStrategy=org.springframework.web.accept.ContentNegotiationManager@1d825759, matchingMediaTypes=[application/xhtml+xml, image/*, text/html, text/plain], useEquals=false, ignoredMediaTypes=[*/*]]]]], org.springframework.security.config.annotation.web.configurers.oauth2.client.OAuth2LoginConfigurer$$Lambda$2538/0x00007f8fa8eb47b8@3950cf19]
2026-05-13 12:14:15.418 DEBUG [http-nio-8080-exec-2] o.s.s.w.a.DelegatingAuthenticationEntryPoint - Match found! Executing org.springframework.security.web.authentication.LoginUrlAuthenticationEntryPoint@693553cb
2026-05-13 12:14:15.419 DEBUG [http-nio-8080-exec-2] o.s.s.web.DefaultRedirectStrategy - Redirecting to /oauth2/authorization/google
2026-05-13 12:33:12.318 DEBUG [http-nio-8080-exec-4] o.s.security.web.FilterChainProxy - Securing GET /login
2026-05-13 12:41:29.968 INFO  [scheduling-1] c.c.c.s.PercentileScoringService - 백분위 테이블 로드 완료: 112개 그룹, 수집일: 2026-05-08T02:42:56.028785+00:00
2026-05-13 12:41:30.137 INFO  [scheduling-1] c.c.c.s.TrendingKeywordsService - 트렌드 키워드 로드 완료 (3448bytes)
2026-05-13 13:25:27.023 DEBUG [http-nio-8080-exec-6] o.s.security.web.FilterChainProxy - Securing GET /
2026-05-13 13:25:27.024 DEBUG [http-nio-8080-exec-6] o.s.s.w.a.AnonymousAuthenticationFilter - Set SecurityContextHolder to anonymous SecurityContext
2026-05-13 13:25:27.024 DEBUG [http-nio-8080-exec-6] o.s.s.w.s.HttpSessionRequestCache - Saved request http://54.87.30.107:8080/?continue to session
2026-05-13 13:25:27.025 DEBUG [http-nio-8080-exec-6] o.s.s.w.a.DelegatingAuthenticationEntryPoint - Trying to match using And [Not [RequestHeaderRequestMatcher [expectedHeaderName=X-Requested-With, expectedHeaderValue=XMLHttpRequest]], Not [And [Or [PathPattern [/login], PathPattern [/favicon.ico]], And [Not [RequestHeaderRequestMatcher [expectedHeaderName=X-Requested-With, expectedHeaderValue=XMLHttpRequest]], MediaTypeRequestMatcher [contentNegotiationStrategy=org.springframework.web.accept.ContentNegotiationManager@1d825759, matchingMediaTypes=[application/xhtml+xml, image/*, text/html, text/plain], useEquals=false, ignoredMediaTypes=[*/*]]]]], org.springframework.security.config.annotation.web.configurers.oauth2.client.OAuth2LoginConfigurer$$Lambda$2538/0x00007f8fa8eb47b8@3950cf19]
2026-05-13 13:25:27.025 DEBUG [http-nio-8080-exec-6] o.s.s.w.a.DelegatingAuthenticationEntryPoint - Match found! Executing org.springframework.security.web.authentication.LoginUrlAuthenticationEntryPoint@693553cb
2026-05-13 13:25:27.025 DEBUG [http-nio-8080-exec-6] o.s.s.web.DefaultRedirectStrategy - Redirecting to /oauth2/authorization/google
2026-05-13 13:35:36.068 INFO  [SpringApplicationShutdownHook] o.s.boot.tomcat.GracefulShutdown - Commencing graceful shutdown. Waiting for active requests to complete
2026-05-13 13:35:36.071 INFO  [tomcat-shutdown] o.s.boot.tomcat.GracefulShutdown - Graceful shutdown complete
2026-05-13 13:35:36.111 INFO  [SpringApplicationShutdownHook] o.s.o.j.LocalContainerEntityManagerFactoryBean - Closing JPA EntityManagerFactory for persistence unit 'default'
2026-05-13 13:35:36.115 INFO  [SpringApplicationShutdownHook] com.zaxxer.hikari.HikariDataSource - HikariPool-1 - Shutdown initiated...
2026-05-13 13:35:36.119 INFO  [SpringApplicationShutdownHook] com.zaxxer.hikari.HikariDataSource - HikariPool-1 - Shutdown completed.
